{"meta": {"format": 3, "version": "7.10.3", "timestamp": "2025-10-26T01:49:43.554578", "branch_coverage": false, "show_contexts": false}, "files": {"kicad_sch_api/__init__.py": {"executed_lines": [1, 45, 46, 47, 49, 50, 53, 54, 55, 58, 61, 81, 95, 98, 112, 116], "summary": {"covered_lines": 15, "num_statements": 15, "percent_covered": 100.0, "percent_covered_display": "100", "missing_lines": 0, "excluded_lines": 0}, "missing_lines": [], "excluded_lines": [], "functions": {"load_schematic": {"executed_lines": [95], "summary": {"covered_lines": 1, "num_statements": 1, "percent_covered": 100.0, "percent_covered_display": "100", "missing_lines": 0, "excluded_lines": 0}, "missing_lines": [], "excluded_lines": []}, "create_schematic": {"executed_lines": [112], "summary": {"covered_lines": 1, "num_statements": 1, "percent_covered": 100.0, "percent_covered_display": "100", "missing_lines": 0, "excluded_lines": 0}, "missing_lines": [], "excluded_lines": []}, "": {"executed_lines": [1, 45, 46, 47, 49, 50, 53, 54, 55, 58, 61, 81, 98, 116], "summary": {"covered_lines": 13, "num_statements": 13, "percent_covered": 100.0, "percent_covered_display": "100", "missing_lines": 0, "excluded_lines": 0}, "missing_lines": [], "excluded_lines": []}}, "classes": {"": {"executed_lines": [1, 45, 46, 47, 49, 50, 53, 54, 55, 58, 61, 81, 95, 98, 112, 116], "summary": {"covered_lines": 15, "num_statements": 15, "percent_covered": 100.0, "percent_covered_display": "100", "missing_lines": 0, "excluded_lines": 0}, "missing_lines": [], "excluded_lines": []}}}, "kicad_sch_api/cli.py": {"executed_lines": [], "summary": {"covered_lines": 0, "num_statements": 142, "percent_covered": 0.0, "percent_covered_display": "0", "missing_lines": 142, "excluded_lines": 2}, "missing_lines": [8, 9, 10, 11, 14, 16, 18, 20, 22, 23, 26, 28, 29, 32, 33, 36, 38, 39, 40, 42, 43, 45, 46, 47, 50, 52, 53, 56, 57, 59, 60, 61, 62, 63, 66, 67, 69, 70, 71, 74, 75, 77, 80, 82, 84, 85, 88, 91, 92, 95, 98, 100, 101, 102, 104, 106, 107, 108, 111, 113, 115, 116, 118, 119, 120, 121, 122, 123, 126, 128, 130, 132, 133, 134, 135, 137, 138, 139, 140, 143, 144, 146, 148, 149, 150, 152, 153, 154, 155, 158, 160, 161, 162, 163, 164, 165, 166, 167, 168, 169, 170, 171, 174, 176, 188, 189, 190, 191, 194, 197, 201, 204, 205, 206, 207, 208, 209, 210, 211, 212, 213, 214, 215, 216, 217, 218, 219, 220, 223, 225, 226, 228, 229, 231, 232, 234, 235, 237, 238, 240, 241, 243], "excluded_lines": [246, 247], "functions": {"test_installation": {"executed_lines": [], "summary": {"covered_lines": 0, "num_statements": 19, "percent_covered": 0.0, "percent_covered_display": "0", "missing_lines": 19, "excluded_lines": 0}, "missing_lines": [16, 18, 20, 22, 23, 26, 28, 29, 32, 33, 36, 38, 39, 40, 42, 43, 45, 46, 47], "excluded_lines": []}, "show_status": {"executed_lines": [], "summary": {"covered_lines": 0, "num_statements": 17, "percent_covered": 0.0, "percent_covered_display": "0", "missing_lines": 17, "excluded_lines": 0}, "missing_lines": [52, 53, 56, 57, 59, 60, 61, 62, 63, 66, 67, 69, 70, 71, 74, 75, 77], "excluded_lines": []}, "create_demo": {"executed_lines": [], "summary": {"covered_lines": 0, "num_statements": 15, "percent_covered": 0.0, "percent_covered_display": "0", "missing_lines": 15, "excluded_lines": 0}, "missing_lines": [82, 84, 85, 88, 91, 92, 95, 98, 100, 101, 102, 104, 106, 107, 108], "excluded_lines": []}, "init_cache": {"executed_lines": [], "summary": {"covered_lines": 0, "num_statements": 9, "percent_covered": 0.0, "percent_covered_display": "0", "missing_lines": 9, "excluded_lines": 0}, "missing_lines": [113, 115, 116, 118, 119, 120, 121, 122, 123], "excluded_lines": []}, "check_kicad": {"executed_lines": [], "summary": {"covered_lines": 0, "num_statements": 20, "percent_covered": 0.0, "percent_covered_display": "0", "missing_lines": 20, "excluded_lines": 0}, "missing_lines": [128, 130, 132, 133, 134, 135, 137, 138, 139, 140, 143, 144, 146, 148, 149, 150, 152, 153, 154, 155], "excluded_lines": []}, "show_mcp_info": {"executed_lines": [], "summary": {"covered_lines": 0, "num_statements": 12, "percent_covered": 0.0, "percent_covered_display": "0", "missing_lines": 12, "excluded_lines": 0}, "missing_lines": [160, 161, 162, 163, 164, 165, 166, 167, 168, 169, 170, 171], "excluded_lines": []}, "main": {"executed_lines": [], "summary": {"covered_lines": 0, "num_statements": 39, "percent_covered": 0.0, "percent_covered_display": "0", "missing_lines": 39, "excluded_lines": 0}, "missing_lines": [176, 188, 189, 190, 191, 194, 197, 201, 204, 205, 206, 207, 208, 209, 210, 211, 212, 213, 214, 215, 216, 217, 218, 219, 220, 223, 225, 226, 228, 229, 231, 232, 234, 235, 237, 238, 240, 241, 243], "excluded_lines": []}, "": {"executed_lines": [], "summary": {"covered_lines": 0, "num_statements": 11, "percent_covered": 0.0, "percent_covered_display": "0", "missing_lines": 11, "excluded_lines": 2}, "missing_lines": [8, 9, 10, 11, 14, 50, 80, 111, 126, 158, 174], "excluded_lines": [246, 247]}}, "classes": {"": {"executed_lines": [], "summary": {"covered_lines": 0, "num_statements": 142, "percent_covered": 0.0, "percent_covered_display": "0", "missing_lines": 142, "excluded_lines": 2}, "missing_lines": [8, 9, 10, 11, 14, 16, 18, 20, 22, 23, 26, 28, 29, 32, 33, 36, 38, 39, 40, 42, 43, 45, 46, 47, 50, 52, 53, 56, 57, 59, 60, 61, 62, 63, 66, 67, 69, 70, 71, 74, 75, 77, 80, 82, 84, 85, 88, 91, 92, 95, 98, 100, 101, 102, 104, 106, 107, 108, 111, 113, 115, 116, 118, 119, 120, 121, 122, 123, 126, 128, 130, 132, 133, 134, 135, 137, 138, 139, 140, 143, 144, 146, 148, 149, 150, 152, 153, 154, 155, 158, 160, 161, 162, 163, 164, 165, 166, 167, 168, 169, 170, 171, 174, 176, 188, 189, 190, 191, 194, 197, 201, 204, 205, 206, 207, 208, 209, 210, 211, 212, 213, 214, 215, 216, 217, 218, 219, 220, 223, 225, 226, 228, 229, 231, 232, 234, 235, 237, 238, 240, 241, 243], "excluded_lines": [246, 247]}}}, "kicad_sch_api/collections/__init__.py": {"executed_lines": [1, 9, 10, 11, 12, 13, 15], "summary": {"covered_lines": 6, "num_statements": 6, "percent_covered": 100.0, "percent_covered_display": "100", "missing_lines": 0, "excluded_lines": 0}, "missing_lines": [], "excluded_lines": [], "functions": {"": {"executed_lines": [1, 9, 10, 11, 12, 13, 15], "summary": {"covered_lines": 6, "num_statements": 6, "percent_covered": 100.0, "percent_covered_display": "100", "missing_lines": 0, "excluded_lines": 0}, "missing_lines": [], "excluded_lines": []}}, "classes": {"": {"executed_lines": [1, 9, 10, 11, 12, 13, 15], "summary": {"covered_lines": 6, "num_statements": 6, "percent_covered": 100.0, "percent_covered_display": "100", "missing_lines": 0, "excluded_lines": 0}, "missing_lines": [], "excluded_lines": []}}}, "kicad_sch_api/collections/base.py": {"executed_lines": [1, 8, 9, 10, 12, 14, 17, 18, 29, 36, 37, 38, 39, 42, 43, 44, 46, 49, 50, 62, 63, 75, 76, 86, 99, 102, 105, 106, 108, 110, 120, 122, 124, 125, 127, 128, 131, 132, 133, 136, 139, 140, 141, 143, 144, 146, 156, 158, 159, 160, 162, 164, 174, 176, 187, 188, 189, 190, 191, 193, 195, 197, 198, 199, 200, 203, 205, 207, 209, 211, 213, 215, 216, 219, 220, 221, 223, 225, 228, 238, 239, 240, 242, 243, 245, 247, 249, 251, 253, 255, 256, 258, 261, 264, 266, 267, 270, 277, 278, 286, 287, 289, 291, 293, 294], "summary": {"covered_lines": 97, "num_statements": 98, "percent_covered": 98.9795918367347, "percent_covered_display": "99", "missing_lines": 1, "excluded_lines": 33}, "missing_lines": [134], "excluded_lines": [49, 50, 51, 52, 53, 54, 55, 56, 57, 58, 59, 60, 62, 63, 64, 65, 66, 67, 68, 69, 70, 71, 72, 73, 75, 76, 77, 78, 79, 80, 81, 82, 83], "functions": {"IndexedCollection.__init__": {"executed_lines": [36, 37, 38, 39, 42, 43, 44, 46], "summary": {"covered_lines": 8, "num_statements": 8, "percent_covered": 100.0, "percent_covered_display": "100", "missing_lines": 0, "excluded_lines": 0}, "missing_lines": [], "excluded_lines": []}, "IndexedCollection._get_item_uuid": {"executed_lines": [], "summary": {"covered_lines": 0, "num_statements": 0, "percent_covered": 100.0, "percent_covered_display": "100", "missing_lines": 0, "excluded_lines": 10}, "missing_lines": [], "excluded_lines": [51, 52, 53, 54, 55, 56, 57, 58, 59, 60]}, "IndexedCollection._create_item": {"executed_lines": [], "summary": {"covered_lines": 0, "num_statements": 0, "percent_covered": 100.0, "percent_covered_display": "100", "missing_lines": 0, "excluded_lines": 10}, "missing_lines": [], "excluded_lines": [64, 65, 66, 67, 68, 69, 70, 71, 72, 73]}, "IndexedCollection._build_additional_indexes": {"executed_lines": [], "summary": {"covered_lines": 0, "num_statements": 0, "percent_covered": 100.0, "percent_covered_display": "100", "missing_lines": 0, "excluded_lines": 7}, "missing_lines": [], "excluded_lines": [77, 78, 79, 80, 81, 82, 83]}, "IndexedCollection.add": {"executed_lines": [99, 102, 105, 106, 108], "summary": {"covered_lines": 5, "num_statements": 5, "percent_covered": 100.0, "percent_covered_display": "100", "missing_lines": 0, "excluded_lines": 0}, "missing_lines": [], "excluded_lines": []}, "IndexedCollection.remove": {"executed_lines": [120, 122, 124, 125, 127, 128, 131, 132, 133, 136, 139, 140, 141, 143, 144], "summary": {"covered_lines": 15, "num_statements": 16, "percent_covered": 93.75, "percent_covered_display": "94", "missing_lines": 1, "excluded_lines": 0}, "missing_lines": [134], "excluded_lines": []}, "IndexedCollection.get": {"executed_lines": [156, 158, 159, 160, 162], "summary": {"covered_lines": 5, "num_statements": 5, "percent_covered": 100.0, "percent_covered_display": "100", "missing_lines": 0, "excluded_lines": 0}, "missing_lines": [], "excluded_lines": []}, "IndexedCollection.find": {"executed_lines": [174], "summary": {"covered_lines": 1, "num_statements": 1, "percent_covered": 100.0, "percent_covered_display": "100", "missing_lines": 0, "excluded_lines": 0}, "missing_lines": [], "excluded_lines": []}, "IndexedCollection.filter": {"executed_lines": [187, 193], "summary": {"covered_lines": 2, "num_statements": 2, "percent_covered": 100.0, "percent_covered_display": "100", "missing_lines": 0, "excluded_lines": 0}, "missing_lines": [], "excluded_lines": []}, "IndexedCollection.filter.matches_criteria": {"executed_lines": [188, 189, 190, 191], "summary": {"covered_lines": 4, "num_statements": 4, "percent_covered": 100.0, "percent_covered_display": "100", "missing_lines": 0, "excluded_lines": 0}, "missing_lines": [], "excluded_lines": []}, "IndexedCollection.clear": {"executed_lines": [197, 198, 199, 200], "summary": {"covered_lines": 4, "num_statements": 4, "percent_covered": 100.0, "percent_covered_display": "100", "missing_lines": 0, "excluded_lines": 0}, "missing_lines": [], "excluded_lines": []}, "IndexedCollection.__len__": {"executed_lines": [205], "summary": {"covered_lines": 1, "num_statements": 1, "percent_covered": 100.0, "percent_covered_display": "100", "missing_lines": 0, "excluded_lines": 0}, "missing_lines": [], "excluded_lines": []}, "IndexedCollection.__iter__": {"executed_lines": [209], "summary": {"covered_lines": 1, "num_statements": 1, "percent_covered": 100.0, "percent_covered_display": "100", "missing_lines": 0, "excluded_lines": 0}, "missing_lines": [], "excluded_lines": []}, "IndexedCollection.__contains__": {"executed_lines": [213, 215, 216, 219, 220, 221], "summary": {"covered_lines": 6, "num_statements": 6, "percent_covered": 100.0, "percent_covered_display": "100", "missing_lines": 0, "excluded_lines": 0}, "missing_lines": [], "excluded_lines": []}, "IndexedCollection.__getitem__": {"executed_lines": [225], "summary": {"covered_lines": 1, "num_statements": 1, "percent_covered": 100.0, "percent_covered_display": "100", "missing_lines": 0, "excluded_lines": 0}, "missing_lines": [], "excluded_lines": []}, "IndexedCollection._add_item_to_collection": {"executed_lines": [238, 239, 240, 242, 243], "summary": {"covered_lines": 5, "num_statements": 5, "percent_covered": 100.0, "percent_covered_display": "100", "missing_lines": 0, "excluded_lines": 0}, "missing_lines": [], "excluded_lines": []}, "IndexedCollection._mark_modified": {"executed_lines": [247], "summary": {"covered_lines": 1, "num_statements": 1, "percent_covered": 100.0, "percent_covered_display": "100", "missing_lines": 0, "excluded_lines": 0}, "missing_lines": [], "excluded_lines": []}, "IndexedCollection._mark_indexes_dirty": {"executed_lines": [251], "summary": {"covered_lines": 1, "num_statements": 1, "percent_covered": 100.0, "percent_covered_display": "100", "missing_lines": 0, "excluded_lines": 0}, "missing_lines": [], "excluded_lines": []}, "IndexedCollection._ensure_indexes_current": {"executed_lines": [255, 256], "summary": {"covered_lines": 2, "num_statements": 2, "percent_covered": 100.0, "percent_covered_display": "100", "missing_lines": 0, "excluded_lines": 0}, "missing_lines": [], "excluded_lines": []}, "IndexedCollection._rebuild_indexes": {"executed_lines": [261, 264, 266, 267], "summary": {"covered_lines": 4, "num_statements": 4, "percent_covered": 100.0, "percent_covered_display": "100", "missing_lines": 0, "excluded_lines": 0}, "missing_lines": [], "excluded_lines": []}, "IndexedCollection.get_statistics": {"executed_lines": [277, 278], "summary": {"covered_lines": 2, "num_statements": 2, "percent_covered": 100.0, "percent_covered_display": "100", "missing_lines": 0, "excluded_lines": 0}, "missing_lines": [], "excluded_lines": []}, "IndexedCollection.is_modified": {"executed_lines": [289], "summary": {"covered_lines": 1, "num_statements": 1, "percent_covered": 100.0, "percent_covered_display": "100", "missing_lines": 0, "excluded_lines": 0}, "missing_lines": [], "excluded_lines": []}, "IndexedCollection.mark_clean": {"executed_lines": [293, 294], "summary": {"covered_lines": 2, "num_statements": 2, "percent_covered": 100.0, "percent_covered_display": "100", "missing_lines": 0, "excluded_lines": 0}, "missing_lines": [], "excluded_lines": []}, "": {"executed_lines": [1, 8, 9, 10, 12, 14, 17, 18, 29, 49, 50, 62, 63, 75, 76, 86, 110, 146, 164, 176, 195, 203, 207, 211, 223, 228, 245, 249, 253, 258, 270, 286, 287, 291], "summary": {"covered_lines": 26, "num_statements": 26, "percent_covered": 100.0, "percent_covered_display": "100", "missing_lines": 0, "excluded_lines": 6}, "missing_lines": [], "excluded_lines": [49, 50, 62, 63, 75, 76]}}, "classes": {"IndexedCollection": {"executed_lines": [36, 37, 38, 39, 42, 43, 44, 46, 99, 102, 105, 106, 108, 120, 122, 124, 125, 127, 128, 131, 132, 133, 136, 139, 140, 141, 143, 144, 156, 158, 159, 160, 162, 174, 187, 188, 189, 190, 191, 193, 197, 198, 199, 200, 205, 209, 213, 215, 216, 219, 220, 221, 225, 238, 239, 240, 242, 243, 247, 251, 255, 256, 261, 264, 266, 267, 277, 278, 289, 293, 294], "summary": {"covered_lines": 71, "num_statements": 72, "percent_covered": 98.61111111111111, "percent_covered_display": "99", "missing_lines": 1, "excluded_lines": 27}, "missing_lines": [134], "excluded_lines": [51, 52, 53, 54, 55, 56, 57, 58, 59, 60, 64, 65, 66, 67, 68, 69, 70, 71, 72, 73, 77, 78, 79, 80, 81, 82, 83]}, "": {"executed_lines": [1, 8, 9, 10, 12, 14, 17, 18, 29, 49, 50, 62, 63, 75, 76, 86, 110, 146, 164, 176, 195, 203, 207, 211, 223, 228, 245, 249, 253, 258, 270, 286, 287, 291], "summary": {"covered_lines": 26, "num_statements": 26, "percent_covered": 100.0, "percent_covered_display": "100", "missing_lines": 0, "excluded_lines": 6}, "missing_lines": [], "excluded_lines": [49, 50, 62, 63, 75, 76]}}}, "kicad_sch_api/collections/components.py": {"executed_lines": [1, 8, 9, 10, 12, 13, 14, 15, 17, 20, 21, 28, 36, 37, 38, 40, 41, 43, 45, 46, 48, 50, 51, 53, 54, 57, 60, 61, 62, 63, 64, 66, 67, 69, 71, 72, 74, 75, 77, 78, 80, 82, 83, 85, 87, 88, 90, 91, 92, 93, 95, 96, 98, 100, 101, 106, 107, 109, 111, 112, 114, 115, 117, 119, 121, 123, 124, 126, 128, 134, 135, 146, 153, 154, 155, 158, 159, 160, 162, 165, 167, 169, 174, 177, 178, 179, 182, 184, 187, 188, 189, 192, 193, 194, 197, 228, 229, 230, 233, 234, 237, 238, 241, 242, 243, 246, 247, 248, 249, 252, 254, 255, 258, 259, 262, 277, 280, 282, 292, 293, 295, 305, 306, 308, 318, 319, 321, 332, 333, 338, 362, 365, 368, 369, 370, 372, 374, 382, 383, 386, 389, 390, 391, 392, 393, 394, 399, 407, 408, 409, 412, 423, 425, 426, 427, 428, 430, 431, 433, 434], "summary": {"covered_lines": 155, "num_statements": 160, "percent_covered": 96.875, "percent_covered_display": "97", "missing_lines": 5, "excluded_lines": 7}, "missing_lines": [58, 103, 104, 335, 397], "excluded_lines": [126, 127, 128, 129, 130, 131, 172], "functions": {"Component.__init__": {"executed_lines": [36, 37, 38], "summary": {"covered_lines": 3, "num_statements": 3, "percent_covered": 100.0, "percent_covered_display": "100", "missing_lines": 0, "excluded_lines": 0}, "missing_lines": [], "excluded_lines": []}, "Component.uuid": {"executed_lines": [43], "summary": {"covered_lines": 1, "num_statements": 1, "percent_covered": 100.0, "percent_covered_display": "100", "missing_lines": 0, "excluded_lines": 0}, "missing_lines": [], "excluded_lines": []}, "Component.reference": {"executed_lines": [53, 54, 57, 60, 61, 62, 63, 64], "summary": {"covered_lines": 8, "num_statements": 9, "percent_covered": 88.88888888888889, "percent_covered_display": "89", "missing_lines": 1, "excluded_lines": 0}, "missing_lines": [58], "excluded_lines": []}, "Component.value": {"executed_lines": [74, 75], "summary": {"covered_lines": 2, "num_statements": 2, "percent_covered": 100.0, "percent_covered_display": "100", "missing_lines": 0, "excluded_lines": 0}, "missing_lines": [], "excluded_lines": []}, "Component.lib_id": {"executed_lines": [80], "summary": {"covered_lines": 1, "num_statements": 1, "percent_covered": 100.0, "percent_covered_display": "100", "missing_lines": 0, "excluded_lines": 0}, "missing_lines": [], "excluded_lines": []}, "Component.position": {"executed_lines": [90, 91, 92, 93], "summary": {"covered_lines": 4, "num_statements": 4, "percent_covered": 100.0, "percent_covered_display": "100", "missing_lines": 0, "excluded_lines": 0}, "missing_lines": [], "excluded_lines": []}, "Component.rotation": {"executed_lines": [], "summary": {"covered_lines": 0, "num_statements": 2, "percent_covered": 0.0, "percent_covered_display": "0", "missing_lines": 2, "excluded_lines": 0}, "missing_lines": [103, 104], "excluded_lines": []}, "Component.footprint": {"executed_lines": [114, 115], "summary": {"covered_lines": 2, "num_statements": 2, "percent_covered": 100.0, "percent_covered_display": "100", "missing_lines": 0, "excluded_lines": 0}, "missing_lines": [], "excluded_lines": []}, "Component.get_property": {"executed_lines": [119], "summary": {"covered_lines": 1, "num_statements": 1, "percent_covered": 100.0, "percent_covered_display": "100", "missing_lines": 0, "excluded_lines": 0}, "missing_lines": [], "excluded_lines": []}, "Component.set_property": {"executed_lines": [123, 124], "summary": {"covered_lines": 2, "num_statements": 2, "percent_covered": 100.0, "percent_covered_display": "100", "missing_lines": 0, "excluded_lines": 0}, "missing_lines": [], "excluded_lines": []}, "Component.__repr__": {"executed_lines": [128], "summary": {"covered_lines": 0, "num_statements": 0, "percent_covered": 100.0, "percent_covered_display": "100", "missing_lines": 0, "excluded_lines": 5}, "missing_lines": [], "excluded_lines": [127, 128, 129, 130, 131]}, "ComponentCollection.__init__": {"executed_lines": [153, 154, 155, 158, 159, 160, 162], "summary": {"covered_lines": 7, "num_statements": 7, "percent_covered": 100.0, "percent_covered_display": "100", "missing_lines": 0, "excluded_lines": 0}, "missing_lines": [], "excluded_lines": []}, "ComponentCollection._get_item_uuid": {"executed_lines": [167], "summary": {"covered_lines": 1, "num_statements": 1, "percent_covered": 100.0, "percent_covered_display": "100", "missing_lines": 0, "excluded_lines": 0}, "missing_lines": [], "excluded_lines": []}, "ComponentCollection._create_item": {"executed_lines": [], "summary": {"covered_lines": 0, "num_statements": 0, "percent_covered": 100.0, "percent_covered_display": "100", "missing_lines": 0, "excluded_lines": 1}, "missing_lines": [], "excluded_lines": [172]}, "ComponentCollection._build_additional_indexes": {"executed_lines": [177, 178, 179, 182, 184, 187, 188, 189, 192, 193, 194], "summary": {"covered_lines": 11, "num_statements": 11, "percent_covered": 100.0, "percent_covered_display": "100", "missing_lines": 0, "excluded_lines": 0}, "missing_lines": [], "excluded_lines": []}, "ComponentCollection.add": {"executed_lines": [228, 229, 230, 233, 234, 237, 238, 241, 242, 243, 246, 247, 248, 249, 252, 254, 255, 258, 259, 262, 277, 280], "summary": {"covered_lines": 22, "num_statements": 22, "percent_covered": 100.0, "percent_covered_display": "100", "missing_lines": 0, "excluded_lines": 0}, "missing_lines": [], "excluded_lines": []}, "ComponentCollection.get_by_reference": {"executed_lines": [292, 293], "summary": {"covered_lines": 2, "num_statements": 2, "percent_covered": 100.0, "percent_covered_display": "100", "missing_lines": 0, "excluded_lines": 0}, "missing_lines": [], "excluded_lines": []}, "ComponentCollection.get_by_lib_id": {"executed_lines": [305, 306], "summary": {"covered_lines": 2, "num_statements": 2, "percent_covered": 100.0, "percent_covered_display": "100", "missing_lines": 0, "excluded_lines": 0}, "missing_lines": [], "excluded_lines": []}, "ComponentCollection.get_by_value": {"executed_lines": [318, 319], "summary": {"covered_lines": 2, "num_statements": 2, "percent_covered": 100.0, "percent_covered_display": "100", "missing_lines": 0, "excluded_lines": 0}, "missing_lines": [], "excluded_lines": []}, "ComponentCollection._generate_reference": {"executed_lines": [332, 333, 338, 362, 365, 368, 369, 370, 372], "summary": {"covered_lines": 9, "num_statements": 10, "percent_covered": 90.0, "percent_covered_display": "90", "missing_lines": 1, "excluded_lines": 0}, "missing_lines": [335], "excluded_lines": []}, "ComponentCollection._find_available_position": {"executed_lines": [382, 383, 386, 389, 390, 391, 392, 393, 394], "summary": {"covered_lines": 9, "num_statements": 10, "percent_covered": 90.0, "percent_covered_display": "90", "missing_lines": 1, "excluded_lines": 0}, "missing_lines": [397], "excluded_lines": []}, "ComponentCollection._update_reference_index": {"executed_lines": [407, 408, 409], "summary": {"covered_lines": 3, "num_statements": 3, "percent_covered": 100.0, "percent_covered_display": "100", "missing_lines": 0, "excluded_lines": 0}, "missing_lines": [], "excluded_lines": []}, "ComponentCollection.bulk_update": {"executed_lines": [423, 425, 426, 427, 428, 430, 431, 433, 434], "summary": {"covered_lines": 9, "num_statements": 9, "percent_covered": 100.0, "percent_covered_display": "100", "missing_lines": 0, "excluded_lines": 0}, "missing_lines": [], "excluded_lines": []}, "": {"executed_lines": [1, 8, 9, 10, 12, 13, 14, 15, 17, 20, 21, 28, 40, 41, 45, 46, 50, 51, 66, 67, 71, 72, 77, 78, 82, 83, 87, 88, 95, 96, 100, 101, 106, 107, 111, 112, 117, 121, 126, 134, 135, 146, 165, 169, 174, 197, 282, 295, 308, 321, 374, 399, 412], "summary": {"covered_lines": 49, "num_statements": 49, "percent_covered": 100.0, "percent_covered_display": "100", "missing_lines": 0, "excluded_lines": 1}, "missing_lines": [], "excluded_lines": [126]}}, "classes": {"Component": {"executed_lines": [36, 37, 38, 43, 48, 53, 54, 57, 60, 61, 62, 63, 64, 69, 74, 75, 80, 85, 90, 91, 92, 93, 98, 109, 114, 115, 119, 123, 124, 128], "summary": {"covered_lines": 29, "num_statements": 32, "percent_covered": 90.625, "percent_covered_display": "91", "missing_lines": 3, "excluded_lines": 5}, "missing_lines": [58, 103, 104], "excluded_lines": [127, 128, 129, 130, 131]}, "ComponentCollection": {"executed_lines": [153, 154, 155, 158, 159, 160, 162, 167, 177, 178, 179, 182, 184, 187, 188, 189, 192, 193, 194, 228, 229, 230, 233, 234, 237, 238, 241, 242, 243, 246, 247, 248, 249, 252, 254, 255, 258, 259, 262, 277, 280, 292, 293, 305, 306, 318, 319, 332, 333, 338, 362, 365, 368, 369, 370, 372, 382, 383, 386, 389, 390, 391, 392, 393, 394, 407, 408, 409, 423, 425, 426, 427, 428, 430, 431, 433, 434], "summary": {"covered_lines": 77, "num_statements": 79, "percent_covered": 97.46835443037975, "percent_covered_display": "97", "missing_lines": 2, "excluded_lines": 1}, "missing_lines": [335, 397], "excluded_lines": [172]}, "": {"executed_lines": [1, 8, 9, 10, 12, 13, 14, 15, 17, 20, 21, 28, 40, 41, 45, 46, 50, 51, 66, 67, 71, 72, 77, 78, 82, 83, 87, 88, 95, 96, 100, 101, 106, 107, 111, 112, 117, 121, 126, 134, 135, 146, 165, 169, 174, 197, 282, 295, 308, 321, 374, 399, 412], "summary": {"covered_lines": 49, "num_statements": 49, "percent_covered": 100.0, "percent_covered_display": "100", "missing_lines": 0, "excluded_lines": 1}, "missing_lines": [], "excluded_lines": [126]}}}, "kicad_sch_api/collections/junctions.py": {"executed_lines": [1, 8, 9, 10, 12, 13, 15, 18, 19, 29, 41, 45, 50, 64, 106, 143, 158, 181, 220, 248, 257, 283, 318, 342], "summary": {"covered_lines": 22, "num_statements": 116, "percent_covered": 18.96551724137931, "percent_covered_display": "19", "missing_lines": 94, "excluded_lines": 1}, "missing_lines": [36, 38, 43, 53, 56, 58, 59, 60, 61, 85, 86, 89, 90, 91, 92, 97, 98, 101, 104, 119, 121, 122, 124, 126, 128, 131, 133, 134, 135, 136, 138, 139, 141, 156, 173, 175, 176, 177, 179, 197, 198, 199, 202, 203, 206, 207, 208, 209, 210, 213, 214, 215, 217, 218, 234, 235, 237, 238, 239, 242, 243, 245, 246, 255, 267, 269, 271, 272, 275, 276, 279, 281, 293, 295, 297, 298, 301, 307, 308, 310, 311, 312, 314, 315, 333, 335, 336, 338, 339, 349, 352, 353, 354, 366], "excluded_lines": [48], "functions": {"JunctionCollection.__init__": {"executed_lines": [], "summary": {"covered_lines": 0, "num_statements": 2, "percent_covered": 0.0, "percent_covered_display": "0", "missing_lines": 2, "excluded_lines": 0}, "missing_lines": [36, 38], "excluded_lines": []}, "JunctionCollection._get_item_uuid": {"executed_lines": [], "summary": {"covered_lines": 0, "num_statements": 1, "percent_covered": 0.0, "percent_covered_display": "0", "missing_lines": 1, "excluded_lines": 0}, "missing_lines": [43], "excluded_lines": []}, "JunctionCollection._create_item": {"executed_lines": [], "summary": {"covered_lines": 0, "num_statements": 0, "percent_covered": 100.0, "percent_covered_display": "100", "missing_lines": 0, "excluded_lines": 1}, "missing_lines": [], "excluded_lines": [48]}, "JunctionCollection._build_additional_indexes": {"executed_lines": [], "summary": {"covered_lines": 0, "num_statements": 6, "percent_covered": 0.0, "percent_covered_display": "0", "missing_lines": 6, "excluded_lines": 0}, "missing_lines": [53, 56, 58, 59, 60, 61], "excluded_lines": []}, "JunctionCollection.add": {"executed_lines": [], "summary": {"covered_lines": 0, "num_statements": 10, "percent_covered": 0.0, "percent_covered_display": "0", "missing_lines": 10, "excluded_lines": 0}, "missing_lines": [85, 86, 89, 90, 91, 92, 97, 98, 101, 104], "excluded_lines": []}, "JunctionCollection.get_junction_at_position": {"executed_lines": [], "summary": {"covered_lines": 0, "num_statements": 14, "percent_covered": 0.0, "percent_covered_display": "0", "missing_lines": 14, "excluded_lines": 0}, "missing_lines": [119, 121, 122, 124, 126, 128, 131, 133, 134, 135, 136, 138, 139, 141], "excluded_lines": []}, "JunctionCollection.has_junction_at_position": {"executed_lines": [], "summary": {"covered_lines": 0, "num_statements": 1, "percent_covered": 0.0, "percent_covered_display": "0", "missing_lines": 1, "excluded_lines": 0}, "missing_lines": [156], "excluded_lines": []}, "JunctionCollection.find_junctions_in_region": {"executed_lines": [], "summary": {"covered_lines": 0, "num_statements": 5, "percent_covered": 0.0, "percent_covered_display": "0", "missing_lines": 5, "excluded_lines": 0}, "missing_lines": [173, 175, 176, 177, 179], "excluded_lines": []}, "JunctionCollection.update_junction_position": {"executed_lines": [], "summary": {"covered_lines": 0, "num_statements": 15, "percent_covered": 0.0, "percent_covered_display": "0", "missing_lines": 15, "excluded_lines": 0}, "missing_lines": [197, 198, 199, 202, 203, 206, 207, 208, 209, 210, 213, 214, 215, 217, 218], "excluded_lines": []}, "JunctionCollection.update_junction_diameter": {"executed_lines": [], "summary": {"covered_lines": 0, "num_statements": 9, "percent_covered": 0.0, "percent_covered_display": "0", "missing_lines": 9, "excluded_lines": 0}, "missing_lines": [234, 235, 237, 238, 239, 242, 243, 245, 246], "excluded_lines": []}, "JunctionCollection.get_junction_positions": {"executed_lines": [], "summary": {"covered_lines": 0, "num_statements": 1, "percent_covered": 0.0, "percent_covered_display": "0", "missing_lines": 1, "excluded_lines": 0}, "missing_lines": [255], "excluded_lines": []}, "JunctionCollection.validate_grid_alignment": {"executed_lines": [], "summary": {"covered_lines": 0, "num_statements": 8, "percent_covered": 0.0, "percent_covered_display": "0", "missing_lines": 8, "excluded_lines": 0}, "missing_lines": [267, 269, 271, 272, 275, 276, 279, 281], "excluded_lines": []}, "JunctionCollection.snap_to_grid": {"executed_lines": [], "summary": {"covered_lines": 0, "num_statements": 12, "percent_covered": 0.0, "percent_covered_display": "0", "missing_lines": 12, "excluded_lines": 0}, "missing_lines": [293, 295, 297, 298, 301, 307, 308, 310, 311, 312, 314, 315], "excluded_lines": []}, "JunctionCollection.remove_junctions_in_region": {"executed_lines": [], "summary": {"covered_lines": 0, "num_statements": 5, "percent_covered": 0.0, "percent_covered_display": "0", "missing_lines": 5, "excluded_lines": 0}, "missing_lines": [333, 335, 336, 338, 339], "excluded_lines": []}, "JunctionCollection.get_junction_statistics": {"executed_lines": [], "summary": {"covered_lines": 0, "num_statements": 5, "percent_covered": 0.0, "percent_covered_display": "0", "missing_lines": 5, "excluded_lines": 0}, "missing_lines": [349, 352, 353, 354, 366], "excluded_lines": []}, "": {"executed_lines": [1, 8, 9, 10, 12, 13, 15, 18, 19, 29, 41, 45, 50, 64, 106, 143, 158, 181, 220, 248, 257, 283, 318, 342], "summary": {"covered_lines": 22, "num_statements": 22, "percent_covered": 100.0, "percent_covered_display": "100", "missing_lines": 0, "excluded_lines": 0}, "missing_lines": [], "excluded_lines": []}}, "classes": {"JunctionCollection": {"executed_lines": [], "summary": {"covered_lines": 0, "num_statements": 94, "percent_covered": 0.0, "percent_covered_display": "0", "missing_lines": 94, "excluded_lines": 1}, "missing_lines": [36, 38, 43, 53, 56, 58, 59, 60, 61, 85, 86, 89, 90, 91, 92, 97, 98, 101, 104, 119, 121, 122, 124, 126, 128, 131, 133, 134, 135, 136, 138, 139, 141, 156, 173, 175, 176, 177, 179, 197, 198, 199, 202, 203, 206, 207, 208, 209, 210, 213, 214, 215, 217, 218, 234, 235, 237, 238, 239, 242, 243, 245, 246, 255, 267, 269, 271, 272, 275, 276, 279, 281, 293, 295, 297, 298, 301, 307, 308, 310, 311, 312, 314, 315, 333, 335, 336, 338, 339, 349, 352, 353, 354, 366], "excluded_lines": [48]}, "": {"executed_lines": [1, 8, 9, 10, 12, 13, 15, 18, 19, 29, 41, 45, 50, 64, 106, 143, 158, 181, 220, 248, 257, 283, 318, 342], "summary": {"covered_lines": 22, "num_statements": 22, "percent_covered": 100.0, "percent_covered_display": "100", "missing_lines": 0, "excluded_lines": 0}, "missing_lines": [], "excluded_lines": []}}}, "kicad_sch_api/collections/labels.py": {"executed_lines": [1, 8, 9, 10, 12, 13, 15, 18, 19, 21, 37, 41, 42, 53, 67, 71, 76, 103, 159, 178, 216, 229, 238, 251, 274, 303, 333, 363, 383], "summary": {"covered_lines": 25, "num_statements": 129, "percent_covered": 19.37984496124031, "percent_covered_display": "19", "missing_lines": 104, "excluded_lines": 3}, "missing_lines": [30, 31, 32, 33, 34, 35, 60, 61, 62, 64, 69, 79, 80, 81, 84, 86, 87, 88, 89, 92, 93, 94, 95, 98, 99, 100, 130, 131, 134, 135, 138, 139, 140, 143, 144, 147, 157, 170, 172, 173, 175, 176, 191, 193, 194, 196, 198, 200, 203, 204, 206, 207, 208, 209, 211, 212, 214, 226, 227, 236, 249, 266, 268, 269, 270, 272, 288, 289, 291, 292, 293, 296, 297, 298, 300, 301, 316, 317, 318, 321, 322, 325, 326, 327, 329, 330, 348, 349, 351, 353, 354, 356, 357, 358, 360, 361, 374, 376, 377, 379, 380, 390, 393, 404], "excluded_lines": [37, 38, 74], "functions": {"Label.__init__": {"executed_lines": [], "summary": {"covered_lines": 0, "num_statements": 6, "percent_covered": 0.0, "percent_covered_display": "0", "missing_lines": 6, "excluded_lines": 0}, "missing_lines": [30, 31, 32, 33, 34, 35], "excluded_lines": []}, "Label.__repr__": {"executed_lines": [], "summary": {"covered_lines": 0, "num_statements": 0, "percent_covered": 100.0, "percent_covered_display": "100", "missing_lines": 0, "excluded_lines": 1}, "missing_lines": [], "excluded_lines": [38]}, "LabelCollection.__init__": {"executed_lines": [], "summary": {"covered_lines": 0, "num_statements": 4, "percent_covered": 0.0, "percent_covered_display": "0", "missing_lines": 4, "excluded_lines": 0}, "missing_lines": [60, 61, 62, 64], "excluded_lines": []}, "LabelCollection._get_item_uuid": {"executed_lines": [], "summary": {"covered_lines": 0, "num_statements": 1, "percent_covered": 0.0, "percent_covered_display": "0", "missing_lines": 1, "excluded_lines": 0}, "missing_lines": [69], "excluded_lines": []}, "LabelCollection._create_item": {"executed_lines": [], "summary": {"covered_lines": 0, "num_statements": 0, "percent_covered": 100.0, "percent_covered_display": "100", "missing_lines": 0, "excluded_lines": 1}, "missing_lines": [], "excluded_lines": [74]}, "LabelCollection._build_additional_indexes": {"executed_lines": [], "summary": {"covered_lines": 0, "num_statements": 15, "percent_covered": 0.0, "percent_covered_display": "0", "missing_lines": 15, "excluded_lines": 0}, "missing_lines": [79, 80, 81, 84, 86, 87, 88, 89, 92, 93, 94, 95, 98, 99, 100], "excluded_lines": []}, "LabelCollection.add": {"executed_lines": [], "summary": {"covered_lines": 0, "num_statements": 11, "percent_covered": 0.0, "percent_covered_display": "0", "missing_lines": 11, "excluded_lines": 0}, "missing_lines": [130, 131, 134, 135, 138, 139, 140, 143, 144, 147, 157], "excluded_lines": []}, "LabelCollection.get_labels_by_text": {"executed_lines": [], "summary": {"covered_lines": 0, "num_statements": 5, "percent_covered": 0.0, "percent_covered_display": "0", "missing_lines": 5, "excluded_lines": 0}, "missing_lines": [170, 172, 173, 175, 176], "excluded_lines": []}, "LabelCollection.get_labels_at_position": {"executed_lines": [], "summary": {"covered_lines": 0, "num_statements": 15, "percent_covered": 0.0, "percent_covered_display": "0", "missing_lines": 15, "excluded_lines": 0}, "missing_lines": [191, 193, 194, 196, 198, 200, 203, 204, 206, 207, 208, 209, 211, 212, 214], "excluded_lines": []}, "LabelCollection.get_labels_by_type": {"executed_lines": [], "summary": {"covered_lines": 0, "num_statements": 2, "percent_covered": 0.0, "percent_covered_display": "0", "missing_lines": 2, "excluded_lines": 0}, "missing_lines": [226, 227], "excluded_lines": []}, "LabelCollection.get_net_names": {"executed_lines": [], "summary": {"covered_lines": 0, "num_statements": 1, "percent_covered": 0.0, "percent_covered_display": "0", "missing_lines": 1, "excluded_lines": 0}, "missing_lines": [236], "excluded_lines": []}, "LabelCollection.get_labels_for_net": {"executed_lines": [], "summary": {"covered_lines": 0, "num_statements": 1, "percent_covered": 0.0, "percent_covered_display": "0", "missing_lines": 1, "excluded_lines": 0}, "missing_lines": [249], "excluded_lines": []}, "LabelCollection.find_labels_in_region": {"executed_lines": [], "summary": {"covered_lines": 0, "num_statements": 5, "percent_covered": 0.0, "percent_covered_display": "0", "missing_lines": 5, "excluded_lines": 0}, "missing_lines": [266, 268, 269, 270, 272], "excluded_lines": []}, "LabelCollection.update_label_text": {"executed_lines": [], "summary": {"covered_lines": 0, "num_statements": 10, "percent_covered": 0.0, "percent_covered_display": "0", "missing_lines": 10, "excluded_lines": 0}, "missing_lines": [288, 289, 291, 292, 293, 296, 297, 298, 300, 301], "excluded_lines": []}, "LabelCollection.update_label_position": {"executed_lines": [], "summary": {"covered_lines": 0, "num_statements": 10, "percent_covered": 0.0, "percent_covered_display": "0", "missing_lines": 10, "excluded_lines": 0}, "missing_lines": [316, 317, 318, 321, 322, 325, 326, 327, 329, 330], "excluded_lines": []}, "LabelCollection.rename_net": {"executed_lines": [], "summary": {"covered_lines": 0, "num_statements": 10, "percent_covered": 0.0, "percent_covered_display": "0", "missing_lines": 10, "excluded_lines": 0}, "missing_lines": [348, 349, 351, 353, 354, 356, 357, 358, 360, 361], "excluded_lines": []}, "LabelCollection.remove_labels_for_net": {"executed_lines": [], "summary": {"covered_lines": 0, "num_statements": 5, "percent_covered": 0.0, "percent_covered_display": "0", "missing_lines": 5, "excluded_lines": 0}, "missing_lines": [374, 376, 377, 379, 380], "excluded_lines": []}, "LabelCollection.get_label_statistics": {"executed_lines": [], "summary": {"covered_lines": 0, "num_statements": 3, "percent_covered": 0.0, "percent_covered_display": "0", "missing_lines": 3, "excluded_lines": 0}, "missing_lines": [390, 393, 404], "excluded_lines": []}, "": {"executed_lines": [1, 8, 9, 10, 12, 13, 15, 18, 19, 21, 37, 41, 42, 53, 67, 71, 76, 103, 159, 178, 216, 229, 238, 251, 274, 303, 333, 363, 383], "summary": {"covered_lines": 25, "num_statements": 25, "percent_covered": 100.0, "percent_covered_display": "100", "missing_lines": 0, "excluded_lines": 1}, "missing_lines": [], "excluded_lines": [37]}}, "classes": {"Label": {"executed_lines": [], "summary": {"covered_lines": 0, "num_statements": 6, "percent_covered": 0.0, "percent_covered_display": "0", "missing_lines": 6, "excluded_lines": 1}, "missing_lines": [30, 31, 32, 33, 34, 35], "excluded_lines": [38]}, "LabelCollection": {"executed_lines": [], "summary": {"covered_lines": 0, "num_statements": 98, "percent_covered": 0.0, "percent_covered_display": "0", "missing_lines": 98, "excluded_lines": 1}, "missing_lines": [60, 61, 62, 64, 69, 79, 80, 81, 84, 86, 87, 88, 89, 92, 93, 94, 95, 98, 99, 100, 130, 131, 134, 135, 138, 139, 140, 143, 144, 147, 157, 170, 172, 173, 175, 176, 191, 193, 194, 196, 198, 200, 203, 204, 206, 207, 208, 209, 211, 212, 214, 226, 227, 236, 249, 266, 268, 269, 270, 272, 288, 289, 291, 292, 293, 296, 297, 298, 300, 301, 316, 317, 318, 321, 322, 325, 326, 327, 329, 330, 348, 349, 351, 353, 354, 356, 357, 358, 360, 361, 374, 376, 377, 379, 380, 390, 393, 404], "excluded_lines": [74]}, "": {"executed_lines": [1, 8, 9, 10, 12, 13, 15, 18, 19, 21, 37, 41, 42, 53, 67, 71, 76, 103, 159, 178, 216, 229, 238, 251, 274, 303, 333, 363, 383], "summary": {"covered_lines": 25, "num_statements": 25, "percent_covered": 100.0, "percent_covered_display": "100", "missing_lines": 0, "excluded_lines": 1}, "missing_lines": [], "excluded_lines": [37]}}}, "kicad_sch_api/collections/wires.py": {"executed_lines": [1, 8, 9, 10, 12, 13, 15, 18, 19, 30, 43, 47, 52, 74, 123, 174, 193, 206, 227, 264, 304, 322, 359, 382], "summary": {"covered_lines": 22, "num_statements": 139, "percent_covered": 15.827338129496402, "percent_covered_display": "16", "missing_lines": 117, "excluded_lines": 1}, "missing_lines": [37, 38, 40, 45, 55, 56, 59, 61, 62, 63, 64, 65, 68, 69, 70, 71, 98, 99, 100, 101, 104, 105, 108, 109, 112, 121, 147, 148, 151, 152, 153, 154, 156, 159, 160, 163, 172, 184, 186, 187, 189, 191, 203, 204, 216, 219, 220, 221, 222, 223, 225, 234, 235, 237, 238, 239, 242, 243, 245, 246, 247, 248, 250, 251, 254, 255, 256, 257, 259, 260, 262, 280, 281, 283, 284, 285, 288, 289, 290, 291, 293, 296, 297, 298, 300, 301, 314, 316, 317, 319, 320, 340, 341, 343, 346, 347, 348, 349, 350, 352, 353, 355, 356, 366, 369, 380, 392, 393, 395, 396, 397, 398, 400, 401, 402, 404, 406], "excluded_lines": [50], "functions": {"WireCollection.__init__": {"executed_lines": [], "summary": {"covered_lines": 0, "num_statements": 3, "percent_covered": 0.0, "percent_covered_display": "0", "missing_lines": 3, "excluded_lines": 0}, "missing_lines": [37, 38, 40], "excluded_lines": []}, "WireCollection._get_item_uuid": {"executed_lines": [], "summary": {"covered_lines": 0, "num_statements": 1, "percent_covered": 0.0, "percent_covered_display": "0", "missing_lines": 1, "excluded_lines": 0}, "missing_lines": [45], "excluded_lines": []}, "WireCollection._create_item": {"executed_lines": [], "summary": {"covered_lines": 0, "num_statements": 0, "percent_covered": 100.0, "percent_covered_display": "100", "missing_lines": 0, "excluded_lines": 1}, "missing_lines": [], "excluded_lines": [50]}, "WireCollection._build_additional_indexes": {"executed_lines": [], "summary": {"covered_lines": 0, "num_statements": 12, "percent_covered": 0.0, "percent_covered_display": "0", "missing_lines": 12, "excluded_lines": 0}, "missing_lines": [55, 56, 59, 61, 62, 63, 64, 65, 68, 69, 70, 71], "excluded_lines": []}, "WireCollection.add": {"executed_lines": [], "summary": {"covered_lines": 0, "num_statements": 10, "percent_covered": 0.0, "percent_covered_display": "0", "missing_lines": 10, "excluded_lines": 0}, "missing_lines": [98, 99, 100, 101, 104, 105, 108, 109, 112, 121], "excluded_lines": []}, "WireCollection.add_multi_point": {"executed_lines": [], "summary": {"covered_lines": 0, "num_statements": 11, "percent_covered": 0.0, "percent_covered_display": "0", "missing_lines": 11, "excluded_lines": 0}, "missing_lines": [147, 148, 151, 152, 153, 154, 156, 159, 160, 163, 172], "excluded_lines": []}, "WireCollection.get_wires_at_point": {"executed_lines": [], "summary": {"covered_lines": 0, "num_statements": 5, "percent_covered": 0.0, "percent_covered_display": "0", "missing_lines": 5, "excluded_lines": 0}, "missing_lines": [184, 186, 187, 189, 191], "excluded_lines": []}, "WireCollection.get_wires_by_type": {"executed_lines": [], "summary": {"covered_lines": 0, "num_statements": 2, "percent_covered": 0.0, "percent_covered_display": "0", "missing_lines": 2, "excluded_lines": 0}, "missing_lines": [203, 204], "excluded_lines": []}, "WireCollection.get_connected_wires": {"executed_lines": [], "summary": {"covered_lines": 0, "num_statements": 7, "percent_covered": 0.0, "percent_covered_display": "0", "missing_lines": 7, "excluded_lines": 0}, "missing_lines": [216, 219, 220, 221, 222, 223, 225], "excluded_lines": []}, "WireCollection.find_wire_networks": {"executed_lines": [], "summary": {"covered_lines": 0, "num_statements": 20, "percent_covered": 0.0, "percent_covered_display": "0", "missing_lines": 20, "excluded_lines": 0}, "missing_lines": [234, 235, 237, 238, 239, 242, 243, 245, 246, 247, 248, 250, 251, 254, 255, 256, 257, 259, 260, 262], "excluded_lines": []}, "WireCollection.modify_wire_path": {"executed_lines": [], "summary": {"covered_lines": 0, "num_statements": 15, "percent_covered": 0.0, "percent_covered_display": "0", "missing_lines": 15, "excluded_lines": 0}, "missing_lines": [280, 281, 283, 284, 285, 288, 289, 290, 291, 293, 296, 297, 298, 300, 301], "excluded_lines": []}, "WireCollection.remove_wires_at_point": {"executed_lines": [], "summary": {"covered_lines": 0, "num_statements": 5, "percent_covered": 0.0, "percent_covered_display": "0", "missing_lines": 5, "excluded_lines": 0}, "missing_lines": [314, 316, 317, 319, 320], "excluded_lines": []}, "WireCollection.bulk_update_stroke": {"executed_lines": [], "summary": {"covered_lines": 0, "num_statements": 12, "percent_covered": 0.0, "percent_covered_display": "0", "missing_lines": 12, "excluded_lines": 0}, "missing_lines": [340, 341, 343, 346, 347, 348, 349, 350, 352, 353, 355, 356], "excluded_lines": []}, "WireCollection.get_connection_statistics": {"executed_lines": [], "summary": {"covered_lines": 0, "num_statements": 3, "percent_covered": 0.0, "percent_covered_display": "0", "missing_lines": 3, "excluded_lines": 0}, "missing_lines": [366, 369, 380], "excluded_lines": []}, "WireCollection._calculate_wire_length": {"executed_lines": [], "summary": {"covered_lines": 0, "num_statements": 11, "percent_covered": 0.0, "percent_covered_display": "0", "missing_lines": 11, "excluded_lines": 0}, "missing_lines": [392, 393, 395, 396, 397, 398, 400, 401, 402, 404, 406], "excluded_lines": []}, "": {"executed_lines": [1, 8, 9, 10, 12, 13, 15, 18, 19, 30, 43, 47, 52, 74, 123, 174, 193, 206, 227, 264, 304, 322, 359, 382], "summary": {"covered_lines": 22, "num_statements": 22, "percent_covered": 100.0, "percent_covered_display": "100", "missing_lines": 0, "excluded_lines": 0}, "missing_lines": [], "excluded_lines": []}}, "classes": {"WireCollection": {"executed_lines": [], "summary": {"covered_lines": 0, "num_statements": 117, "percent_covered": 0.0, "percent_covered_display": "0", "missing_lines": 117, "excluded_lines": 1}, "missing_lines": [37, 38, 40, 45, 55, 56, 59, 61, 62, 63, 64, 65, 68, 69, 70, 71, 98, 99, 100, 101, 104, 105, 108, 109, 112, 121, 147, 148, 151, 152, 153, 154, 156, 159, 160, 163, 172, 184, 186, 187, 189, 191, 203, 204, 216, 219, 220, 221, 222, 223, 225, 234, 235, 237, 238, 239, 242, 243, 245, 246, 247, 248, 250, 251, 254, 255, 256, 257, 259, 260, 262, 280, 281, 283, 284, 285, 288, 289, 290, 291, 293, 296, 297, 298, 300, 301, 314, 316, 317, 319, 320, 340, 341, 343, 346, 347, 348, 349, 350, 352, 353, 355, 356, 366, 369, 380, 392, 393, 395, 396, 397, 398, 400, 401, 402, 404, 406], "excluded_lines": [50]}, "": {"executed_lines": [1, 8, 9, 10, 12, 13, 15, 18, 19, 30, 43, 47, 52, 74, 123, 174, 193, 206, 227, 264, 304, 322, 359, 382], "summary": {"covered_lines": 22, "num_statements": 22, "percent_covered": 100.0, "percent_covered_display": "100", "missing_lines": 0, "excluded_lines": 0}, "missing_lines": [], "excluded_lines": []}}}, "kicad_sch_api/core/__init__.py": {"executed_lines": [1, 3, 4, 5, 6, 7, 9], "summary": {"covered_lines": 6, "num_statements": 6, "percent_covered": 100.0, "percent_covered_display": "100", "missing_lines": 0, "excluded_lines": 0}, "missing_lines": [], "excluded_lines": [], "functions": {"": {"executed_lines": [1, 3, 4, 5, 6, 7, 9], "summary": {"covered_lines": 6, "num_statements": 6, "percent_covered": 100.0, "percent_covered_display": "100", "missing_lines": 0, "excluded_lines": 0}, "missing_lines": [], "excluded_lines": []}}, "classes": {"": {"executed_lines": [1, 3, 4, 5, 6, 7, 9], "summary": {"covered_lines": 6, "num_statements": 6, "percent_covered": 100.0, "percent_covered_display": "100", "missing_lines": 0, "excluded_lines": 0}, "missing_lines": [], "excluded_lines": []}}}, "kicad_sch_api/core/component_bounds.py": {"executed_lines": [1, 8, 9, 10, 11, 13, 14, 16, 19, 20, 21, 23, 24, 25, 26, 28, 29, 31, 33, 34, 36, 38, 39, 43, 45, 47, 56, 58, 62, 63, 66, 67, 75, 76, 77, 78, 79, 81, 82, 93, 97, 98, 99, 100, 103, 104, 105, 106, 107, 108, 109, 110, 113, 114, 115, 122, 131, 132, 133, 134, 135, 138, 139, 140, 143, 144, 147, 148, 149, 151, 153, 154, 156, 157, 158, 161, 162, 163, 166, 167, 168, 169, 172, 173, 174, 177, 178, 179, 181, 182, 183, 184, 187, 188, 189, 190, 191, 192, 193, 195, 197, 198, 200, 202, 206, 207, 209, 212, 214, 215, 242, 243, 268, 269, 292, 293, 318, 319, 354, 368, 369, 371, 383, 392, 399, 400, 403, 408, 424, 427, 428, 429, 430, 432, 435, 442, 443, 446, 450, 458, 468, 469, 470, 473, 474, 475, 478, 479, 482], "summary": {"covered_lines": 144, "num_statements": 275, "percent_covered": 52.36363636363637, "percent_covered_display": "52", "missing_lines": 131, "excluded_lines": 2}, "missing_lines": [41, 49, 94, 95, 116, 117, 118, 119, 123, 125, 128, 180, 203, 210, 217, 219, 220, 221, 223, 224, 225, 226, 227, 228, 229, 230, 231, 232, 233, 234, 235, 236, 237, 238, 240, 245, 246, 247, 249, 250, 251, 252, 253, 254, 256, 257, 258, 259, 260, 261, 263, 264, 266, 271, 272, 273, 275, 276, 277, 278, 279, 280, 281, 283, 284, 285, 287, 288, 290, 295, 297, 298, 299, 300, 301, 302, 303, 304, 306, 307, 308, 309, 310, 311, 313, 314, 316, 321, 322, 323, 324, 326, 327, 328, 329, 330, 331, 332, 333, 334, 336, 338, 339, 340, 342, 343, 344, 345, 346, 348, 349, 351, 372, 374, 375, 405, 447, 452, 453, 454, 455, 456, 457, 460, 461, 462, 463, 464, 465, 471, 476], "excluded_lines": [62, 63], "functions": {"BoundingBox.width": {"executed_lines": [31], "summary": {"covered_lines": 1, "num_statements": 1, "percent_covered": 100.0, "percent_covered_display": "100", "missing_lines": 0, "excluded_lines": 0}, "missing_lines": [], "excluded_lines": []}, "BoundingBox.height": {"executed_lines": [36], "summary": {"covered_lines": 1, "num_statements": 1, "percent_covered": 100.0, "percent_covered_display": "100", "missing_lines": 0, "excluded_lines": 0}, "missing_lines": [], "excluded_lines": []}, "BoundingBox.center": {"executed_lines": [], "summary": {"covered_lines": 0, "num_statements": 1, "percent_covered": 0.0, "percent_covered_display": "0", "missing_lines": 1, "excluded_lines": 0}, "missing_lines": [41], "excluded_lines": []}, "BoundingBox.contains_point": {"executed_lines": [45], "summary": {"covered_lines": 1, "num_statements": 1, "percent_covered": 100.0, "percent_covered_display": "100", "missing_lines": 0, "excluded_lines": 0}, "missing_lines": [], "excluded_lines": []}, "BoundingBox.overlaps": {"executed_lines": [], "summary": {"covered_lines": 0, "num_statements": 1, "percent_covered": 0.0, "percent_covered_display": "0", "missing_lines": 1, "excluded_lines": 0}, "missing_lines": [49], "excluded_lines": []}, "BoundingBox.expand": {"executed_lines": [58], "summary": {"covered_lines": 1, "num_statements": 1, "percent_covered": 100.0, "percent_covered_display": "100", "missing_lines": 0, "excluded_lines": 0}, "missing_lines": [], "excluded_lines": []}, "BoundingBox.__repr__": {"executed_lines": [63], "summary": {"covered_lines": 0, "num_statements": 0, "percent_covered": 100.0, "percent_covered_display": "100", "missing_lines": 0, "excluded_lines": 1}, "missing_lines": [], "excluded_lines": [63]}, "SymbolBoundingBoxCalculator.calculate_bounding_box": {"executed_lines": [93, 97, 98, 99, 100, 103, 104, 105, 106, 107, 108, 109, 110, 113, 114, 115, 122, 131, 132, 133, 134, 135, 138, 139, 140, 143, 144, 147, 148, 149, 151], "summary": {"covered_lines": 31, "num_statements": 40, "percent_covered": 77.5, "percent_covered_display": "78", "missing_lines": 9, "excluded_lines": 0}, "missing_lines": [94, 95, 116, 117, 118, 119, 123, 125, 128], "excluded_lines": []}, "SymbolBoundingBoxCalculator._get_pin_bounds": {"executed_lines": [156, 157, 158, 161, 162, 163, 166, 167, 168, 169, 172, 173, 174, 177, 178, 179, 181, 182, 183, 184, 187, 188, 189, 190, 191, 192, 193, 195], "summary": {"covered_lines": 28, "num_statements": 29, "percent_covered": 96.55172413793103, "percent_covered_display": "97", "missing_lines": 1, "excluded_lines": 0}, "missing_lines": [180], "excluded_lines": []}, "SymbolBoundingBoxCalculator._extract_graphics_bounds": {"executed_lines": [200, 202, 206, 207, 209, 212], "summary": {"covered_lines": 6, "num_statements": 8, "percent_covered": 75.0, "percent_covered_display": "75", "missing_lines": 2, "excluded_lines": 0}, "missing_lines": [203, 210], "excluded_lines": []}, "SymbolBoundingBoxCalculator._extract_unit_graphics_bounds": {"executed_lines": [], "summary": {"covered_lines": 0, "num_statements": 21, "percent_covered": 0.0, "percent_covered_display": "0", "missing_lines": 21, "excluded_lines": 0}, "missing_lines": [217, 219, 220, 221, 223, 224, 225, 226, 227, 228, 229, 230, 231, 232, 233, 234, 235, 236, 237, 238, 240], "excluded_lines": []}, "SymbolBoundingBoxCalculator._extract_rectangle_bounds": {"executed_lines": [], "summary": {"covered_lines": 0, "num_statements": 18, "percent_covered": 0.0, "percent_covered_display": "0", "missing_lines": 18, "excluded_lines": 0}, "missing_lines": [245, 246, 247, 249, 250, 251, 252, 253, 254, 256, 257, 258, 259, 260, 261, 263, 264, 266], "excluded_lines": []}, "SymbolBoundingBoxCalculator._extract_circle_bounds": {"executed_lines": [], "summary": {"covered_lines": 0, "num_statements": 16, "percent_covered": 0.0, "percent_covered_display": "0", "missing_lines": 16, "excluded_lines": 0}, "missing_lines": [271, 272, 273, 275, 276, 277, 278, 279, 280, 281, 283, 284, 285, 287, 288, 290], "excluded_lines": []}, "SymbolBoundingBoxCalculator._extract_polyline_bounds": {"executed_lines": [], "summary": {"covered_lines": 0, "num_statements": 18, "percent_covered": 0.0, "percent_covered_display": "0", "missing_lines": 18, "excluded_lines": 0}, "missing_lines": [295, 297, 298, 299, 300, 301, 302, 303, 304, 306, 307, 308, 309, 310, 311, 313, 314, 316], "excluded_lines": []}, "SymbolBoundingBoxCalculator._extract_arc_bounds": {"executed_lines": [], "summary": {"covered_lines": 0, "num_statements": 25, "percent_covered": 0.0, "percent_covered_display": "0", "missing_lines": 25, "excluded_lines": 0}, "missing_lines": [321, 322, 323, 324, 326, 327, 328, 329, 330, 331, 332, 333, 334, 336, 338, 339, 340, 342, 343, 344, 345, 346, 348, 349, 351], "excluded_lines": []}, "get_component_bounding_box": {"executed_lines": [368, 369, 371, 383, 392, 399, 400], "summary": {"covered_lines": 7, "num_statements": 10, "percent_covered": 70.0, "percent_covered_display": "70", "missing_lines": 3, "excluded_lines": 0}, "missing_lines": [372, 374, 375], "excluded_lines": []}, "get_schematic_component_bboxes": {"executed_lines": [], "summary": {"covered_lines": 0, "num_statements": 1, "percent_covered": 0.0, "percent_covered_display": "0", "missing_lines": 1, "excluded_lines": 0}, "missing_lines": [405], "excluded_lines": []}, "check_path_collision": {"executed_lines": [424, 427, 428, 429, 430, 432], "summary": {"covered_lines": 6, "num_statements": 6, "percent_covered": 100.0, "percent_covered_display": "100", "missing_lines": 0, "excluded_lines": 0}, "missing_lines": [], "excluded_lines": []}, "_line_intersects_bbox": {"executed_lines": [442, 443, 446, 450, 458, 468, 469, 470, 473, 474, 475, 478, 479, 482], "summary": {"covered_lines": 14, "num_statements": 29, "percent_covered": 48.275862068965516, "percent_covered_display": "48", "missing_lines": 15, "excluded_lines": 0}, "missing_lines": [447, 452, 453, 454, 455, 456, 457, 460, 461, 462, 463, 464, 465, 471, 476], "excluded_lines": []}, "": {"executed_lines": [1, 8, 9, 10, 11, 13, 14, 16, 19, 20, 21, 23, 24, 25, 26, 28, 29, 33, 34, 38, 39, 43, 47, 56, 62, 66, 67, 75, 76, 77, 78, 79, 81, 82, 153, 154, 197, 198, 214, 215, 242, 243, 268, 269, 292, 293, 318, 319, 354, 403, 408, 435], "summary": {"covered_lines": 48, "num_statements": 48, "percent_covered": 100.0, "percent_covered_display": "100", "missing_lines": 0, "excluded_lines": 1}, "missing_lines": [], "excluded_lines": [62]}}, "classes": {"BoundingBox": {"executed_lines": [31, 36, 45, 58, 63], "summary": {"covered_lines": 4, "num_statements": 6, "percent_covered": 66.66666666666667, "percent_covered_display": "67", "missing_lines": 2, "excluded_lines": 1}, "missing_lines": [41, 49], "excluded_lines": [63]}, "SymbolBoundingBoxCalculator": {"executed_lines": [93, 97, 98, 99, 100, 103, 104, 105, 106, 107, 108, 109, 110, 113, 114, 115, 122, 131, 132, 133, 134, 135, 138, 139, 140, 143, 144, 147, 148, 149, 151, 156, 157, 158, 161, 162, 163, 166, 167, 168, 169, 172, 173, 174, 177, 178, 179, 181, 182, 183, 184, 187, 188, 189, 190, 191, 192, 193, 195, 200, 202, 206, 207, 209, 212], "summary": {"covered_lines": 65, "num_statements": 175, "percent_covered": 37.142857142857146, "percent_covered_display": "37", "missing_lines": 110, "excluded_lines": 0}, "missing_lines": [94, 95, 116, 117, 118, 119, 123, 125, 128, 180, 203, 210, 217, 219, 220, 221, 223, 224, 225, 226, 227, 228, 229, 230, 231, 232, 233, 234, 235, 236, 237, 238, 240, 245, 246, 247, 249, 250, 251, 252, 253, 254, 256, 257, 258, 259, 260, 261, 263, 264, 266, 271, 272, 273, 275, 276, 277, 278, 279, 280, 281, 283, 284, 285, 287, 288, 290, 295, 297, 298, 299, 300, 301, 302, 303, 304, 306, 307, 308, 309, 310, 311, 313, 314, 316, 321, 322, 323, 324, 326, 327, 328, 329, 330, 331, 332, 333, 334, 336, 338, 339, 340, 342, 343, 344, 345, 346, 348, 349, 351], "excluded_lines": []}, "": {"executed_lines": [1, 8, 9, 10, 11, 13, 14, 16, 19, 20, 21, 23, 24, 25, 26, 28, 29, 33, 34, 38, 39, 43, 47, 56, 62, 66, 67, 75, 76, 77, 78, 79, 81, 82, 153, 154, 197, 198, 214, 215, 242, 243, 268, 269, 292, 293, 318, 319, 354, 368, 369, 371, 383, 392, 399, 400, 403, 408, 424, 427, 428, 429, 430, 432, 435, 442, 443, 446, 450, 458, 468, 469, 470, 473, 474, 475, 478, 479, 482], "summary": {"covered_lines": 75, "num_statements": 94, "percent_covered": 79.7872340425532, "percent_covered_display": "80", "missing_lines": 19, "excluded_lines": 1}, "missing_lines": [372, 374, 375, 405, 447, 452, 453, 454, 455, 456, 457, 460, 461, 462, 463, 464, 465, 471, 476], "excluded_lines": [62]}}}, "kicad_sch_api/core/components.py": {"executed_lines": [1, 8, 9, 10, 12, 13, 14, 15, 17, 20, 21, 28, 36, 37, 38, 41, 42, 46, 47, 49, 51, 52, 66, 67, 69, 71, 72, 77, 78, 82, 83, 88, 89, 91, 93, 94, 101, 102, 106, 107, 109, 110, 112, 113, 115, 117, 118, 122, 123, 128, 129, 133, 137, 139, 142, 143, 144, 146, 155, 156, 160, 164, 169, 170, 174, 175, 180, 181, 185, 186, 192, 196, 201, 205, 210, 215, 233, 237, 252, 256, 264, 265, 272, 279, 280, 281, 282, 283, 286, 290, 292, 323, 324, 328, 332, 336, 340, 342, 343, 346, 348, 349, 351, 356, 368, 369, 370, 371, 374, 377, 378, 380, 381, 383, 442, 452, 453, 454, 457, 458, 460, 461, 463, 465, 467, 517, 523, 527, 540, 572, 576, 583, 613, 640, 642, 644, 646, 648, 660, 665, 667, 668, 671, 672, 673, 674, 677, 678, 679, 680, 681, 683, 685, 686, 689, 690, 691, 692, 693, 696, 697, 698, 699, 700, 702, 709, 711, 713, 727], "summary": {"covered_lines": 165, "num_statements": 343, "percent_covered": 48.10495626822158, "percent_covered_display": "48", "missing_lines": 178, "excluded_lines": 6}, "missing_lines": [44, 54, 55, 58, 59, 61, 62, 63, 64, 74, 75, 80, 85, 86, 96, 97, 98, 99, 104, 120, 125, 131, 135, 140, 148, 149, 150, 151, 152, 158, 162, 166, 172, 177, 178, 183, 188, 189, 194, 198, 199, 203, 207, 208, 212, 213, 217, 218, 219, 222, 225, 226, 230, 231, 235, 239, 254, 287, 288, 325, 329, 333, 337, 341, 413, 414, 415, 416, 419, 420, 423, 426, 431, 432, 433, 435, 436, 440, 482, 485, 486, 487, 489, 490, 491, 493, 494, 495, 497, 498, 500, 501, 503, 504, 505, 507, 508, 509, 511, 512, 513, 515, 519, 525, 531, 532, 534, 535, 536, 537, 538, 551, 553, 555, 556, 558, 559, 560, 561, 564, 566, 567, 569, 570, 574, 578, 579, 581, 585, 586, 589, 590, 591, 594, 595, 597, 598, 599, 600, 601, 602, 604, 605, 611, 615, 616, 618, 620, 621, 624, 625, 626, 628, 650, 651, 652, 653, 654, 655, 656, 658, 662, 704, 705, 706, 707, 716, 717, 718, 721, 722, 723, 725, 730, 731, 733, 734, 736], "excluded_lines": [256, 257, 258, 259, 260, 261], "functions": {"Component.__init__": {"executed_lines": [36, 37, 38], "summary": {"covered_lines": 3, "num_statements": 3, "percent_covered": 100.0, "percent_covered_display": "100", "missing_lines": 0, "excluded_lines": 0}, "missing_lines": [], "excluded_lines": []}, "Component.uuid": {"executed_lines": [], "summary": {"covered_lines": 0, "num_statements": 1, "percent_covered": 0.0, "percent_covered_display": "0", "missing_lines": 1, "excluded_lines": 0}, "missing_lines": [44], "excluded_lines": []}, "Component.reference": {"executed_lines": [], "summary": {"covered_lines": 0, "num_statements": 8, "percent_covered": 0.0, "percent_covered_display": "0", "missing_lines": 8, "excluded_lines": 0}, "missing_lines": [54, 55, 58, 59, 61, 62, 63, 64], "excluded_lines": []}, "Component.value": {"executed_lines": [], "summary": {"covered_lines": 0, "num_statements": 2, "percent_covered": 0.0, "percent_covered_display": "0", "missing_lines": 2, "excluded_lines": 0}, "missing_lines": [74, 75], "excluded_lines": []}, "Component.footprint": {"executed_lines": [], "summary": {"covered_lines": 0, "num_statements": 2, "percent_covered": 0.0, "percent_covered_display": "0", "missing_lines": 2, "excluded_lines": 0}, "missing_lines": [85, 86], "excluded_lines": []}, "Component.position": {"executed_lines": [], "summary": {"covered_lines": 0, "num_statements": 4, "percent_covered": 0.0, "percent_covered_display": "0", "missing_lines": 4, "excluded_lines": 0}, "missing_lines": [96, 97, 98, 99], "excluded_lines": []}, "Component.rotation": {"executed_lines": [109, 110], "summary": {"covered_lines": 2, "num_statements": 2, "percent_covered": 100.0, "percent_covered_display": "100", "missing_lines": 0, "excluded_lines": 0}, "missing_lines": [], "excluded_lines": []}, "Component.lib_id": {"executed_lines": [115], "summary": {"covered_lines": 1, "num_statements": 1, "percent_covered": 100.0, "percent_covered_display": "100", "missing_lines": 0, "excluded_lines": 0}, "missing_lines": [], "excluded_lines": []}, "Component.library": {"executed_lines": [], "summary": {"covered_lines": 0, "num_statements": 1, "percent_covered": 0.0, "percent_covered_display": "0", "missing_lines": 1, "excluded_lines": 0}, "missing_lines": [120], "excluded_lines": []}, "Component.symbol_name": {"executed_lines": [], "summary": {"covered_lines": 0, "num_statements": 1, "percent_covered": 0.0, "percent_covered_display": "0", "missing_lines": 1, "excluded_lines": 0}, "missing_lines": [125], "excluded_lines": []}, "Component.properties": {"executed_lines": [], "summary": {"covered_lines": 0, "num_statements": 1, "percent_covered": 0.0, "percent_covered_display": "0", "missing_lines": 1, "excluded_lines": 0}, "missing_lines": [131], "excluded_lines": []}, "Component.get_property": {"executed_lines": [], "summary": {"covered_lines": 0, "num_statements": 1, "percent_covered": 0.0, "percent_covered_display": "0", "missing_lines": 1, "excluded_lines": 0}, "missing_lines": [135], "excluded_lines": []}, "Component.set_property": {"executed_lines": [139, 142, 143, 144], "summary": {"covered_lines": 4, "num_statements": 5, "percent_covered": 80.0, "percent_covered_display": "80", "missing_lines": 1, "excluded_lines": 0}, "missing_lines": [140], "excluded_lines": []}, "Component.remove_property": {"executed_lines": [], "summary": {"covered_lines": 0, "num_statements": 5, "percent_covered": 0.0, "percent_covered_display": "0", "missing_lines": 5, "excluded_lines": 0}, "missing_lines": [148, 149, 150, 151, 152], "excluded_lines": []}, "Component.pins": {"executed_lines": [], "summary": {"covered_lines": 0, "num_statements": 1, "percent_covered": 0.0, "percent_covered_display": "0", "missing_lines": 1, "excluded_lines": 0}, "missing_lines": [158], "excluded_lines": []}, "Component.get_pin": {"executed_lines": [], "summary": {"covered_lines": 0, "num_statements": 1, "percent_covered": 0.0, "percent_covered_display": "0", "missing_lines": 1, "excluded_lines": 0}, "missing_lines": [162], "excluded_lines": []}, "Component.get_pin_position": {"executed_lines": [], "summary": {"covered_lines": 0, "num_statements": 1, "percent_covered": 0.0, "percent_covered_display": "0", "missing_lines": 1, "excluded_lines": 0}, "missing_lines": [166], "excluded_lines": []}, "Component.in_bom": {"executed_lines": [], "summary": {"covered_lines": 0, "num_statements": 2, "percent_covered": 0.0, "percent_covered_display": "0", "missing_lines": 2, "excluded_lines": 0}, "missing_lines": [177, 178], "excluded_lines": []}, "Component.on_board": {"executed_lines": [], "summary": {"covered_lines": 0, "num_statements": 2, "percent_covered": 0.0, "percent_covered_display": "0", "missing_lines": 2, "excluded_lines": 0}, "missing_lines": [188, 189], "excluded_lines": []}, "Component.move": {"executed_lines": [], "summary": {"covered_lines": 0, "num_statements": 1, "percent_covered": 0.0, "percent_covered_display": "0", "missing_lines": 1, "excluded_lines": 0}, "missing_lines": [194], "excluded_lines": []}, "Component.translate": {"executed_lines": [], "summary": {"covered_lines": 0, "num_statements": 2, "percent_covered": 0.0, "percent_covered_display": "0", "missing_lines": 2, "excluded_lines": 0}, "missing_lines": [198, 199], "excluded_lines": []}, "Component.rotate": {"executed_lines": [], "summary": {"covered_lines": 0, "num_statements": 1, "percent_covered": 0.0, "percent_covered_display": "0", "missing_lines": 1, "excluded_lines": 0}, "missing_lines": [203], "excluded_lines": []}, "Component.copy_properties_from": {"executed_lines": [], "summary": {"covered_lines": 0, "num_statements": 2, "percent_covered": 0.0, "percent_covered_display": "0", "missing_lines": 2, "excluded_lines": 0}, "missing_lines": [207, 208], "excluded_lines": []}, "Component.get_symbol_definition": {"executed_lines": [], "summary": {"covered_lines": 0, "num_statements": 2, "percent_covered": 0.0, "percent_covered_display": "0", "missing_lines": 2, "excluded_lines": 0}, "missing_lines": [212, 213], "excluded_lines": []}, "Component.update_from_library": {"executed_lines": [], "summary": {"covered_lines": 0, "num_statements": 8, "percent_covered": 0.0, "percent_covered_display": "0", "missing_lines": 8, "excluded_lines": 0}, "missing_lines": [217, 218, 219, 222, 225, 226, 230, 231], "excluded_lines": []}, "Component.validate": {"executed_lines": [], "summary": {"covered_lines": 0, "num_statements": 1, "percent_covered": 0.0, "percent_covered_display": "0", "missing_lines": 1, "excluded_lines": 0}, "missing_lines": [235], "excluded_lines": []}, "Component.to_dict": {"executed_lines": [], "summary": {"covered_lines": 0, "num_statements": 1, "percent_covered": 0.0, "percent_covered_display": "0", "missing_lines": 1, "excluded_lines": 0}, "missing_lines": [239], "excluded_lines": []}, "Component.__str__": {"executed_lines": [], "summary": {"covered_lines": 0, "num_statements": 1, "percent_covered": 0.0, "percent_covered_display": "0", "missing_lines": 1, "excluded_lines": 0}, "missing_lines": [254], "excluded_lines": []}, "Component.__repr__": {"executed_lines": [], "summary": {"covered_lines": 0, "num_statements": 0, "percent_covered": 100.0, "percent_covered_display": "100", "missing_lines": 0, "excluded_lines": 5}, "missing_lines": [], "excluded_lines": [257, 258, 259, 260, 261]}, "ComponentCollection.__init__": {"executed_lines": [279, 280, 281, 282, 283, 286, 290], "summary": {"covered_lines": 7, "num_statements": 9, "percent_covered": 77.77777777777777, "percent_covered_display": "78", "missing_lines": 2, "excluded_lines": 0}, "missing_lines": [287, 288], "excluded_lines": []}, "ComponentCollection.add": {"executed_lines": [323, 324, 328, 332, 336, 340, 342, 343, 346, 348, 349, 351, 356, 368, 369, 370, 371, 374, 377, 378, 380, 381], "summary": {"covered_lines": 22, "num_statements": 27, "percent_covered": 81.48148148148148, "percent_covered_display": "81", "missing_lines": 5, "excluded_lines": 0}, "missing_lines": [325, 329, 333, 337, 341], "excluded_lines": []}, "ComponentCollection.add_ic": {"executed_lines": [], "summary": {"covered_lines": 0, "num_statements": 14, "percent_covered": 0.0, "percent_covered_display": "0", "missing_lines": 14, "excluded_lines": 0}, "missing_lines": [413, 414, 415, 416, 419, 420, 423, 426, 431, 432, 433, 435, 436, 440], "excluded_lines": []}, "ComponentCollection.remove": {"executed_lines": [452, 453, 454, 457, 458, 460, 461], "summary": {"covered_lines": 7, "num_statements": 7, "percent_covered": 100.0, "percent_covered_display": "100", "missing_lines": 0, "excluded_lines": 0}, "missing_lines": [], "excluded_lines": []}, "ComponentCollection.get": {"executed_lines": [465], "summary": {"covered_lines": 1, "num_statements": 1, "percent_covered": 100.0, "percent_covered_display": "100", "missing_lines": 0, "excluded_lines": 0}, "missing_lines": [], "excluded_lines": []}, "ComponentCollection.filter": {"executed_lines": [], "summary": {"covered_lines": 0, "num_statements": 24, "percent_covered": 0.0, "percent_covered_display": "0", "missing_lines": 24, "excluded_lines": 0}, "missing_lines": [482, 485, 486, 487, 489, 490, 491, 493, 494, 495, 497, 498, 500, 501, 503, 504, 505, 507, 508, 509, 511, 512, 513, 515], "excluded_lines": []}, "ComponentCollection.filter_by_type": {"executed_lines": [], "summary": {"covered_lines": 0, "num_statements": 1, "percent_covered": 0.0, "percent_covered_display": "0", "missing_lines": 1, "excluded_lines": 0}, "missing_lines": [519], "excluded_lines": []}, "ComponentCollection.in_area": {"executed_lines": [], "summary": {"covered_lines": 0, "num_statements": 1, "percent_covered": 0.0, "percent_covered_display": "0", "missing_lines": 1, "excluded_lines": 0}, "missing_lines": [525], "excluded_lines": []}, "ComponentCollection.near_point": {"executed_lines": [], "summary": {"covered_lines": 0, "num_statements": 7, "percent_covered": 0.0, "percent_covered_display": "0", "missing_lines": 7, "excluded_lines": 0}, "missing_lines": [531, 532, 534, 535, 536, 537, 538], "excluded_lines": []}, "ComponentCollection.bulk_update": {"executed_lines": [], "summary": {"covered_lines": 0, "num_statements": 13, "percent_covered": 0.0, "percent_covered_display": "0", "missing_lines": 13, "excluded_lines": 0}, "missing_lines": [551, 553, 555, 556, 558, 559, 560, 561, 564, 566, 567, 569, 570], "excluded_lines": []}, "ComponentCollection.sort_by_reference": {"executed_lines": [], "summary": {"covered_lines": 0, "num_statements": 1, "percent_covered": 0.0, "percent_covered_display": "0", "missing_lines": 1, "excluded_lines": 0}, "missing_lines": [574], "excluded_lines": []}, "ComponentCollection.sort_by_position": {"executed_lines": [], "summary": {"covered_lines": 0, "num_statements": 3, "percent_covered": 0.0, "percent_covered_display": "0", "missing_lines": 3, "excluded_lines": 0}, "missing_lines": [578, 579, 581], "excluded_lines": []}, "ComponentCollection.validate_all": {"executed_lines": [], "summary": {"covered_lines": 0, "num_statements": 16, "percent_covered": 0.0, "percent_covered_display": "0", "missing_lines": 16, "excluded_lines": 0}, "missing_lines": [585, 586, 589, 590, 591, 594, 595, 597, 598, 599, 600, 601, 602, 604, 605, 611], "excluded_lines": []}, "ComponentCollection.get_statistics": {"executed_lines": [], "summary": {"covered_lines": 0, "num_statements": 9, "percent_covered": 0.0, "percent_covered_display": "0", "missing_lines": 9, "excluded_lines": 0}, "missing_lines": [615, 616, 618, 620, 621, 624, 625, 626, 628], "excluded_lines": []}, "ComponentCollection.__len__": {"executed_lines": [642], "summary": {"covered_lines": 1, "num_statements": 1, "percent_covered": 100.0, "percent_covered_display": "100", "missing_lines": 0, "excluded_lines": 0}, "missing_lines": [], "excluded_lines": []}, "ComponentCollection.__iter__": {"executed_lines": [646], "summary": {"covered_lines": 1, "num_statements": 1, "percent_covered": 100.0, "percent_covered_display": "100", "missing_lines": 0, "excluded_lines": 0}, "missing_lines": [], "excluded_lines": []}, "ComponentCollection.__getitem__": {"executed_lines": [], "summary": {"covered_lines": 0, "num_statements": 8, "percent_covered": 0.0, "percent_covered_display": "0", "missing_lines": 8, "excluded_lines": 0}, "missing_lines": [650, 651, 652, 653, 654, 655, 656, 658], "excluded_lines": []}, "ComponentCollection.__contains__": {"executed_lines": [], "summary": {"covered_lines": 0, "num_statements": 1, "percent_covered": 0.0, "percent_covered_display": "0", "missing_lines": 1, "excluded_lines": 0}, "missing_lines": [662], "excluded_lines": []}, "ComponentCollection._add_to_indexes": {"executed_lines": [667, 668, 671, 672, 673, 674, 677, 678, 679, 680, 681], "summary": {"covered_lines": 11, "num_statements": 11, "percent_covered": 100.0, "percent_covered_display": "100", "missing_lines": 0, "excluded_lines": 0}, "missing_lines": [], "excluded_lines": []}, "ComponentCollection._remove_from_indexes": {"executed_lines": [685, 686, 689, 690, 691, 692, 693, 696, 697, 698, 699, 700], "summary": {"covered_lines": 12, "num_statements": 12, "percent_covered": 100.0, "percent_covered_display": "100", "missing_lines": 0, "excluded_lines": 0}, "missing_lines": [], "excluded_lines": []}, "ComponentCollection._update_reference_index": {"executed_lines": [], "summary": {"covered_lines": 0, "num_statements": 4, "percent_covered": 0.0, "percent_covered_display": "0", "missing_lines": 4, "excluded_lines": 0}, "missing_lines": [704, 705, 706, 707], "excluded_lines": []}, "ComponentCollection._mark_modified": {"executed_lines": [711], "summary": {"covered_lines": 1, "num_statements": 1, "percent_covered": 100.0, "percent_covered_display": "100", "missing_lines": 0, "excluded_lines": 0}, "missing_lines": [], "excluded_lines": []}, "ComponentCollection._generate_reference": {"executed_lines": [], "summary": {"covered_lines": 0, "num_statements": 7, "percent_covered": 0.0, "percent_covered_display": "0", "missing_lines": 7, "excluded_lines": 0}, "missing_lines": [716, 717, 718, 721, 722, 723, 725], "excluded_lines": []}, "ComponentCollection._find_available_position": {"executed_lines": [], "summary": {"covered_lines": 0, "num_statements": 5, "percent_covered": 0.0, "percent_covered_display": "0", "missing_lines": 5, "excluded_lines": 0}, "missing_lines": [730, 731, 733, 734, 736], "excluded_lines": []}, "": {"executed_lines": [1, 8, 9, 10, 12, 13, 14, 15, 17, 20, 21, 28, 41, 42, 46, 47, 51, 52, 66, 67, 71, 72, 77, 78, 82, 83, 88, 89, 93, 94, 101, 102, 106, 107, 112, 113, 117, 118, 122, 123, 128, 129, 133, 137, 146, 155, 156, 160, 164, 169, 170, 174, 175, 180, 181, 185, 186, 192, 196, 201, 205, 210, 215, 233, 237, 252, 256, 264, 265, 272, 292, 383, 442, 463, 467, 517, 523, 527, 540, 572, 576, 583, 613, 640, 644, 648, 660, 665, 683, 702, 709, 713, 727], "summary": {"covered_lines": 89, "num_statements": 89, "percent_covered": 100.0, "percent_covered_display": "100", "missing_lines": 0, "excluded_lines": 1}, "missing_lines": [], "excluded_lines": [256]}}, "classes": {"Component": {"executed_lines": [36, 37, 38, 49, 69, 91, 109, 110, 115, 139, 142, 143, 144], "summary": {"covered_lines": 13, "num_statements": 70, "percent_covered": 18.571428571428573, "percent_covered_display": "19", "missing_lines": 57, "excluded_lines": 5}, "missing_lines": [44, 54, 55, 58, 59, 61, 62, 63, 64, 74, 75, 80, 85, 86, 96, 97, 98, 99, 104, 120, 125, 131, 135, 140, 148, 149, 150, 151, 152, 158, 162, 166, 172, 177, 178, 183, 188, 189, 194, 198, 199, 203, 207, 208, 212, 213, 217, 218, 219, 222, 225, 226, 230, 231, 235, 239, 254], "excluded_lines": [257, 258, 259, 260, 261]}, "ComponentCollection": {"executed_lines": [279, 280, 281, 282, 283, 286, 290, 323, 324, 328, 332, 336, 340, 342, 343, 346, 348, 349, 351, 356, 368, 369, 370, 371, 374, 377, 378, 380, 381, 452, 453, 454, 457, 458, 460, 461, 465, 642, 646, 667, 668, 671, 672, 673, 674, 677, 678, 679, 680, 681, 685, 686, 689, 690, 691, 692, 693, 696, 697, 698, 699, 700, 711], "summary": {"covered_lines": 63, "num_statements": 184, "percent_covered": 34.23913043478261, "percent_covered_display": "34", "missing_lines": 121, "excluded_lines": 0}, "missing_lines": [287, 288, 325, 329, 333, 337, 341, 413, 414, 415, 416, 419, 420, 423, 426, 431, 432, 433, 435, 436, 440, 482, 485, 486, 487, 489, 490, 491, 493, 494, 495, 497, 498, 500, 501, 503, 504, 505, 507, 508, 509, 511, 512, 513, 515, 519, 525, 531, 532, 534, 535, 536, 537, 538, 551, 553, 555, 556, 558, 559, 560, 561, 564, 566, 567, 569, 570, 574, 578, 579, 581, 585, 586, 589, 590, 591, 594, 595, 597, 598, 599, 600, 601, 602, 604, 605, 611, 615, 616, 618, 620, 621, 624, 625, 626, 628, 650, 651, 652, 653, 654, 655, 656, 658, 662, 704, 705, 706, 707, 716, 717, 718, 721, 722, 723, 725, 730, 731, 733, 734, 736], "excluded_lines": []}, "": {"executed_lines": [1, 8, 9, 10, 12, 13, 14, 15, 17, 20, 21, 28, 41, 42, 46, 47, 51, 52, 66, 67, 71, 72, 77, 78, 82, 83, 88, 89, 93, 94, 101, 102, 106, 107, 112, 113, 117, 118, 122, 123, 128, 129, 133, 137, 146, 155, 156, 160, 164, 169, 170, 174, 175, 180, 181, 185, 186, 192, 196, 201, 205, 210, 215, 233, 237, 252, 256, 264, 265, 272, 292, 383, 442, 463, 467, 517, 523, 527, 540, 572, 576, 583, 613, 640, 644, 648, 660, 665, 683, 702, 709, 713, 727], "summary": {"covered_lines": 89, "num_statements": 89, "percent_covered": 100.0, "percent_covered_display": "100", "missing_lines": 0, "excluded_lines": 1}, "missing_lines": [], "excluded_lines": [256]}}}, "kicad_sch_api/core/config.py": {"executed_lines": [2, 9, 10, 13, 14, 15, 17, 18, 19, 20, 21, 22, 25, 26, 27, 29, 30, 31, 32, 35, 36, 37, 39, 40, 41, 42, 45, 46, 47, 49, 50, 51, 54, 55, 56, 58, 59, 60, 61, 62, 65, 66, 68, 69, 70, 71, 72, 73, 77, 88, 90, 92, 94, 103, 105, 106, 107, 108, 109, 111, 112, 114, 117, 127], "summary": {"covered_lines": 57, "num_statements": 58, "percent_covered": 98.27586206896552, "percent_covered_display": "98", "missing_lines": 1, "excluded_lines": 0}, "missing_lines": [91], "excluded_lines": [], "functions": {"KiCADConfig.__init__": {"executed_lines": [69, 70, 71, 72, 73, 77], "summary": {"covered_lines": 6, "num_statements": 6, "percent_covered": 100.0, "percent_covered_display": "100", "missing_lines": 0, "excluded_lines": 0}, "missing_lines": [], "excluded_lines": []}, "KiCADConfig.should_add_title_block": {"executed_lines": [90, 92], "summary": {"covered_lines": 2, "num_statements": 3, "percent_covered": 66.66666666666667, "percent_covered_display": "67", "missing_lines": 1, "excluded_lines": 0}, "missing_lines": [91], "excluded_lines": []}, "KiCADConfig.get_property_position": {"executed_lines": [103, 105, 106, 107, 108, 109, 111, 112, 114, 117], "summary": {"covered_lines": 10, "num_statements": 10, "percent_covered": 100.0, "percent_covered_display": "100", "missing_lines": 0, "excluded_lines": 0}, "missing_lines": [], "excluded_lines": []}, "": {"executed_lines": [2, 9, 10, 13, 14, 15, 17, 18, 19, 20, 21, 22, 25, 26, 27, 29, 30, 31, 32, 35, 36, 37, 39, 40, 41, 42, 45, 46, 47, 49, 50, 51, 54, 55, 56, 58, 59, 60, 61, 62, 65, 66, 68, 88, 94, 127], "summary": {"covered_lines": 39, "num_statements": 39, "percent_covered": 100.0, "percent_covered_display": "100", "missing_lines": 0, "excluded_lines": 0}, "missing_lines": [], "excluded_lines": []}}, "classes": {"PropertyOffsets": {"executed_lines": [], "summary": {"covered_lines": 0, "num_statements": 0, "percent_covered": 100.0, "percent_covered_display": "100", "missing_lines": 0, "excluded_lines": 0}, "missing_lines": [], "excluded_lines": []}, "GridSettings": {"executed_lines": [], "summary": {"covered_lines": 0, "num_statements": 0, "percent_covered": 100.0, "percent_covered_display": "100", "missing_lines": 0, "excluded_lines": 0}, "missing_lines": [], "excluded_lines": []}, "SheetSettings": {"executed_lines": [], "summary": {"covered_lines": 0, "num_statements": 0, "percent_covered": 100.0, "percent_covered_display": "100", "missing_lines": 0, "excluded_lines": 0}, "missing_lines": [], "excluded_lines": []}, "ToleranceSettings": {"executed_lines": [], "summary": {"covered_lines": 0, "num_statements": 0, "percent_covered": 100.0, "percent_covered_display": "100", "missing_lines": 0, "excluded_lines": 0}, "missing_lines": [], "excluded_lines": []}, "DefaultValues": {"executed_lines": [], "summary": {"covered_lines": 0, "num_statements": 0, "percent_covered": 100.0, "percent_covered_display": "100", "missing_lines": 0, "excluded_lines": 0}, "missing_lines": [], "excluded_lines": []}, "KiCADConfig": {"executed_lines": [69, 70, 71, 72, 73, 77, 90, 92, 103, 105, 106, 107, 108, 109, 111, 112, 114, 117], "summary": {"covered_lines": 18, "num_statements": 19, "percent_covered": 94.73684210526316, "percent_covered_display": "95", "missing_lines": 1, "excluded_lines": 0}, "missing_lines": [91], "excluded_lines": []}, "": {"executed_lines": [2, 9, 10, 13, 14, 15, 17, 18, 19, 20, 21, 22, 25, 26, 27, 29, 30, 31, 32, 35, 36, 37, 39, 40, 41, 42, 45, 46, 47, 49, 50, 51, 54, 55, 56, 58, 59, 60, 61, 62, 65, 66, 68, 88, 94, 127], "summary": {"covered_lines": 39, "num_statements": 39, "percent_covered": 100.0, "percent_covered_display": "100", "missing_lines": 0, "excluded_lines": 0}, "missing_lines": [], "excluded_l
[...]
0, 91, 93, 110, 111, 114, 115, 118, 120, 122, 124, 125, 127, 128, 129, 132, 133, 134, 135, 138, 141, 142, 144, 145, 152, 166, 167, 170, 186, 189, 195, 198, 200, 201, 263, 264, 266, 267, 269, 270, 273, 274, 275, 276, 279, 282, 283, 286, 287, 288, 290, 302, 303, 304, 306, 307, 308, 311, 313, 314, 316, 317, 318, 319, 321, 322, 323, 328, 330, 332, 333, 345, 346, 348, 349, 351, 353, 354, 356, 357, 359, 361], "summary": {"covered_lines": 106, "num_statements": 126, "percent_covered": 84.12698412698413, "percent_covered_display": "84", "missing_lines": 20, "excluded_lines": 0}, "missing_lines": [147, 148, 149, 190, 219, 222, 231, 232, 233, 235, 236, 237, 238, 239, 240, 241, 243, 245, 247, 324], "excluded_lines": []}, "": {"executed_lines": [1, 8, 9, 10, 12, 14, 15, 17, 20, 21, 28, 39, 73, 78, 100, 154, 172, 203, 249, 292, 335], "summary": {"covered_lines": 19, "num_statements": 19, "percent_covered": 100.0, "percent_covered_display": "100", "missing_lines": 0, "excluded_lines": 0}, "missing_lines": [], "excluded_lines": []}}}, "kicad_sch_api/symbols/validators.py": {"executed_lines": [1, 8, 9, 11, 12, 13, 15, 18, 19, 26, 33, 34, 36, 46, 49, 50, 51, 52, 53, 54, 63, 65, 75, 76, 78, 79, 81, 82, 83, 85, 86, 88, 98, 100, 101, 103, 104, 112, 115, 116, 118, 119, 120, 128, 130, 131, 133, 144, 148, 149, 152, 155, 156, 164, 166, 168, 178, 181, 182, 185, 186, 189, 190, 192, 194, 196, 207, 209, 211, 221, 223, 225, 227, 228, 237, 247, 248, 257, 259, 261, 263, 265, 268, 269, 279, 280, 289, 291, 293, 295, 296, 304, 307, 308, 310, 311, 321, 322, 323, 324, 325, 334, 336, 338, 340, 341, 351, 352, 353, 363, 365, 367, 369, 371, 372, 382, 383, 392, 394, 396, 398, 400, 401, 411, 412, 422, 423, 432, 434, 436, 438, 453, 455, 457, 460, 461, 462, 463, 464, 465, 466, 469, 470, 471, 480, 482, 492, 504], "summary": {"covered_lines": 146, "num_statements": 154, "percent_covered": 94.8051948051948, "percent_covered_display": "95", "missing_lines": 8, "excluded_lines": 0}, "missing_lines": [134, 142, 145, 150, 212, 238, 354, 439], "excluded_lines": [], "functions": {"SymbolValidator.__init__": {"executed_lines": [33, 34], "summary": {"covered_lines": 2, "num_statements": 2, "percent_covered": 100.0, "percent_covered_display": "100", "missing_lines": 0, "excluded_lines": 0}, "missing_lines": [], "excluded_lines": []}, "SymbolValidator.validate_symbol": {"executed_lines": [46, 49, 50, 51, 52, 53, 54, 63], "summary": {"covered_lines": 8, "num_statements": 8, "percent_covered": 100.0, "percent_covered_display": "100", "missing_lines": 0, "excluded_lines": 0}, "missing_lines": [], "excluded_lines": []}, "SymbolValidator.validate_lib_id": {"executed_lines": [75, 76, 78, 79, 81, 82, 83, 85, 86], "summary": {"covered_lines": 9, "num_statements": 9, "percent_covered": 100.0, "percent_covered_display": "100", "missing_lines": 0, "excluded_lines": 0}, "missing_lines": [], "excluded_lines": []}, "SymbolValidator.validate_inheritance_chain": {"executed_lines": [98, 100, 101, 103, 104, 112, 115, 116, 118, 119, 120, 128, 130, 131, 133, 144, 148, 149, 152, 155, 156, 164, 166], "summary": {"covered_lines": 23, "num_statements": 27, "percent_covered": 85.18518518518519, "percent_covered_display": "85", "missing_lines": 4, "excluded_lines": 0}, "missing_lines": [134, 142, 145, 150], "excluded_lines": []}, "SymbolValidator.validate_symbol_integrity": {"executed_lines": [178, 181, 182, 185, 186, 189, 190, 192], "summary": {"covered_lines": 8, "num_statements": 8, "percent_covered": 100.0, "percent_covered_display": "100", "missing_lines": 0, "excluded_lines": 0}, "missing_lines": [], "excluded_lines": []}, "SymbolValidator._initialize_validation_rules": {"executed_lines": [196], "summary": {"covered_lines": 1, "num_statements": 1, "percent_covered": 100.0, "percent_covered_display": "100", "missing_lines": 0, "excluded_lines": 0}, "missing_lines": [], "excluded_lines": []}, "SymbolValidator._validate_lib_id_format": {"executed_lines": [209, 211, 221], "summary": {"covered_lines": 3, "num_statements": 4, "percent_covered": 75.0, "percent_covered_display": "75", "missing_lines": 1, "excluded_lines": 0}, "missing_lines": [212], "excluded_lines": []}, "SymbolValidator._validate_required_fields": {"executed_lines": [225, 227, 228, 237, 247, 248, 257], "summary": {"covered_lines": 7, "num_statements": 8, "percent_covered": 87.5, "percent_covered_display": "88", "missing_lines": 1, "excluded_lines": 0}, "missing_lines": [238], "excluded_lines": []}, "SymbolValidator._validate_reference_prefix": {"executed_lines": [261, 263, 265, 268, 269, 279, 280, 289], "summary": {"covered_lines": 8, "num_statements": 8, "percent_covered": 100.0, "percent_covered_display": "100", "missing_lines": 0, "excluded_lines": 0}, "missing_lines": [], "excluded_lines": []}, "SymbolValidator._validate_pin_consistency": {"executed_lines": [293, 295, 296, 304, 307, 308, 310, 311, 321, 322, 323, 324, 325, 334], "summary": {"covered_lines": 14, "num_statements": 14, "percent_covered": 100.0, "percent_covered_display": "100", "missing_lines": 0, "excluded_lines": 0}, "missing_lines": [], "excluded_lines": []}, "SymbolValidator._validate_unit_consistency": {"executed_lines": [338, 340, 341, 351, 352, 353, 363], "summary": {"covered_lines": 7, "num_statements": 8, "percent_covered": 87.5, "percent_covered_display": "88", "missing_lines": 1, "excluded_lines": 0}, "missing_lines": [354], "excluded_lines": []}, "SymbolValidator._validate_extends_format": {"executed_lines": [367, 369, 371, 372, 382, 383, 392], "summary": {"covered_lines": 7, "num_statements": 7, "percent_covered": 100.0, "percent_covered_display": "100", "missing_lines": 0, "excluded_lines": 0}, "missing_lines": [], "excluded_lines": []}, "SymbolValidator._validate_pins": {"executed_lines": [396, 398, 400, 401, 411, 412, 422, 423, 432], "summary": {"covered_lines": 9, "num_statements": 9, "percent_covered": 100.0, "percent_covered_display": "100", "missing_lines": 0, "excluded_lines": 0}, "missing_lines": [], "excluded_lines": []}, "SymbolValidator._validate_graphics": {"executed_lines": [436, 438, 453], "summary": {"covered_lines": 3, "num_statements": 4, "percent_covered": 75.0, "percent_covered_display": "75", "missing_lines": 1, "excluded_lines": 0}, "missing_lines": [439], "excluded_lines": []}, "SymbolValidator._validate_units": {"executed_lines": [457, 460, 461, 462, 463, 464, 465, 466, 469, 470, 471, 480], "summary": {"covered_lines": 12, "num_statements": 12, "percent_covered": 100.0, "percent_covered_display": "100", "missing_lines": 0, "excluded_lines": 0}, "missing_lines": [], "excluded_lines": []}, "SymbolValidator.get_validation_summary": {"executed_lines": [492, 504], "summary": {"covered_lines": 2, "num_statements": 2, "percent_covered": 100.0, "percent_covered_display": "100", "missing_lines": 0, "excluded_lines": 0}, "missing_lines": [], "excluded_lines": []}, "": {"executed_lines": [1, 8, 9, 11, 12, 13, 15, 18, 19, 26, 36, 65, 88, 168, 194, 207, 223, 259, 291, 336, 365, 394, 434, 455, 482], "summary": {"covered_lines": 23, "num_statements": 23, "percent_covered": 100.0, "percent_covered_display": "100", "missing_lines": 0, "excluded_lines": 0}, "missing_lines": [], "excluded_lines": []}}, "classes": {"SymbolValidator": {"executed_lines": [33, 34, 46, 49, 50, 51, 52, 53, 54, 63, 75, 76, 78, 79, 81, 82, 83, 85, 86, 98, 100, 101, 103, 104, 112, 115, 116, 118, 119, 120, 128, 130, 131, 133, 144, 148, 149, 152, 155, 156, 164, 166, 178, 181, 182, 185, 186, 189, 190, 192, 196, 209, 211, 221, 225, 227, 228, 237, 247, 248, 257, 261, 263, 265, 268, 269, 279, 280, 289, 293, 295, 296, 304, 307, 308, 310, 311, 321, 322, 323, 324, 325, 334, 338, 340, 341, 351, 352, 353, 363, 367, 369, 371, 372, 382, 383, 392, 396, 398, 400, 401, 411, 412, 422, 423, 432, 436, 438, 453, 457, 460, 461, 462, 463, 464, 465, 466, 469, 470, 471, 480, 492, 504], "summary": {"covered_lines": 123, "num_statements": 131, "percent_covered": 93.89312977099236, "percent_covered_display": "94", "missing_lines": 8, "excluded_lines": 0}, "missing_lines": [134, 142, 145, 150, 212, 238, 354, 439], "excluded_lines": []}, "": {"executed_lines": [1, 8, 9, 11, 12, 13, 15, 18, 19, 26, 36, 65, 88, 168, 194, 207, 223, 259, 291, 336, 365, 394, 434, 455, 482], "summary": {"covered_lines": 23, "num_statements": 23, "percent_covered": 100.0, "percent_covered_display": "100", "missing_lines": 0, "excluded_lines": 0}, "missing_lines": [], "excluded_lines": []}}}, "kicad_sch_api/utils/__init__.py": {"executed_lines": [1, 3, 10], "summary": {"covered_lines": 2, "num_statements": 2, "percent_covered": 100.0, "percent_covered_display": "100", "missing_lines": 0, "excluded_lines": 0}, "missing_lines": [], "excluded_lines": [], "functions": {"": {"executed_lines": [1, 3, 10], "summary": {"covered_lines": 2, "num_statements": 2, "percent_covered": 100.0, "percent_covered_display": "100", "missing_lines": 0, "excluded_lines": 0}, "missing_lines": [], "excluded_lines": []}}, "classes": {"": {"executed_lines": [1, 3, 10], "summary": {"covered_lines": 2, "num_statements": 2, "percent_covered": 100.0, "percent_covered_display": "100", "missing_lines": 0, "excluded_lines": 0}, "missing_lines": [], "excluded_lines": []}}}, "kicad_sch_api/utils/validation.py": {"executed_lines": [1, 8, 9, 10, 11, 12, 14, 17, 18, 20, 21, 22, 23, 26, 27, 28, 30, 31, 32, 33, 34, 36, 37, 38, 40, 46, 47, 49, 50, 51, 53, 57, 65, 70, 71, 81, 88, 89, 90, 91, 93, 103, 106, 109, 110, 113, 116, 117, 120, 121, 123, 125, 131, 141, 143, 145, 155, 157, 159, 161, 163, 164, 174, 175, 185, 187, 197, 198, 199, 210, 212, 214, 215, 226, 227, 239, 240, 252, 253, 254, 257, 258, 268, 270, 272, 273, 274, 295, 297, 298, 300, 301, 302, 303, 305, 307, 318, 320, 343, 345, 347, 374, 376, 379, 381, 388, 392, 400, 427], "summary": {"covered_lines": 104, "num_statements": 170, "percent_covered": 61.1764705882353, "percent_covered_display": "61", "missing_lines": 66, "excluded_lines": 0}, "missing_lines": [41, 42, 43, 55, 59, 67, 127, 128, 129, 142, 156, 165, 176, 188, 195, 200, 201, 216, 228, 241, 259, 275, 276, 285, 304, 308, 321, 324, 325, 326, 327, 330, 331, 332, 333, 334, 348, 351, 352, 353, 363, 364, 365, 383, 390, 394, 395, 396, 397, 410, 412, 413, 414, 415, 416, 417, 418, 437, 438, 439, 440, 441, 443, 444, 445, 447], "excluded_lines": [], "functions": {"ValidationIssue.__post_init__": {"executed_lines": [37, 38], "summary": {"covered_lines": 2, "num_statements": 2, "percent_covered": 100.0, "percent_covered_display": "100", "missing_lines": 0, "excluded_lines": 0}, "missing_lines": [], "excluded_lines": []}, "ValidationIssue.__str__": {"executed_lines": [], "summary": {"covered_lines": 0, "num_statements": 3, "percent_covered": 0.0, "percent_covered_display": "0", "missing_lines": 3, "excluded_lines": 0}, "missing_lines": [41, 42, 43], "excluded_lines": []}, "ValidationError.__init__": {"executed_lines": [50, 51], "summary": {"covered_lines": 2, "num_statements": 2, "percent_covered": 100.0, "percent_covered_display": "100", "missing_lines": 0, "excluded_lines": 0}, "missing_lines": [], "excluded_lines": []}, "ValidationError.add_issue": {"executed_lines": [], "summary": {"covered_lines": 0, "num_statements": 1, "percent_covered": 0.0, "percent_covered_display": "0", "missing_lines": 1, "excluded_lines": 0}, "missing_lines": [55], "excluded_lines": []}, "ValidationError.get_errors": {"executed_lines": [], "summary": {"covered_lines": 0, "num_statements": 1, "percent_covered": 0.0, "percent_covered_display": "0", "missing_lines": 1, "excluded_lines": 0}, "missing_lines": [59], "excluded_lines": []}, "ValidationError.get_warnings": {"executed_lines": [], "summary": {"covered_lines": 0, "num_statements": 1, "percent_covered": 0.0, "percent_covered_display": "0", "missing_lines": 1, "excluded_lines": 0}, "missing_lines": [67], "excluded_lines": []}, "SchematicValidator.__init__": {"executed_lines": [88, 89, 90, 91], "summary": {"covered_lines": 4, "num_statements": 4, "percent_covered": 100.0, "percent_covered_display": "100", "missing_lines": 0, "excluded_lines": 0}, "missing_lines": [], "excluded_lines": []}, "SchematicValidator.validate_schematic_data": {"executed_lines": [103, 106, 109, 110, 113, 116, 117, 120, 121, 123], "summary": {"covered_lines": 10, "num_statements": 10, "percent_covered": 100.0, "percent_covered_display": "100", "missing_lines": 0, "excluded_lines": 0}, "missing_lines": [], "excluded_lines": []}, "SchematicValidator.validate_component": {"executed_lines": [], "summary": {"covered_lines": 0, "num_statements": 3, "percent_covered": 0.0, "percent_covered_display": "0", "missing_lines": 3, "excluded_lines": 0}, "missing_lines": [127, 128, 129], "excluded_lines": []}, "SchematicValidator.validate_reference": {"executed_lines": [141, 143], "summary": {"covered_lines": 2, "num_statements": 3, "percent_covered": 66.66666666666667, "percent_covered_display": "67", "missing_lines": 1, "excluded_lines": 0}, "missing_lines": [142], "excluded_lines": []}, "SchematicValidator.validate_lib_id": {"executed_lines": [155, 157], "summary": {"covered_lines": 2, "num_statements": 3, "percent_covered": 66.66666666666667, "percent_covered_display": "67", "missing_lines": 1, "excluded_lines": 0}, "missing_lines": [156], "excluded_lines": []}, "SchematicValidator._validate_basic_structure": {"executed_lines": [161, 163, 164, 174, 175], "summary": {"covered_lines": 5, "num_statements": 7, "percent_covered": 71.42857142857143, "percent_covered_display": "71", "missing_lines": 2, "excluded_lines": 0}, "missing_lines": [165, 176], "excluded_lines": []}, "SchematicValidator._validate_components": {"executed_lines": [187, 197, 198, 199], "summary": {"covered_lines": 4, "num_statements": 8, "percent_covered": 50.0, "percent_covered_display": "50", "missing_lines": 4, "excluded_lines": 0}, "missing_lines": [188, 195, 200, 201], "excluded_lines": []}, "SchematicValidator._validate_single_component": {"executed_lines": [212, 214, 215, 226, 227, 239, 240, 252, 253, 254, 257, 258], "summary": {"covered_lines": 12, "num_statements": 16, "percent_covered": 75.0, "percent_covered_display": "75", "missing_lines": 4, "excluded_lines": 0}, "missing_lines": [216, 228, 241, 259], "excluded_lines": []}, "SchematicValidator._validate_position": {"executed_lines": [270, 272, 273, 274], "summary": {"covered_lines": 4, "num_statements": 7, "percent_covered": 57.142857142857146, "percent_covered_display": "57", "missing_lines": 3, "excluded_lines": 0}, "missing_lines": [275, 276, 285], "excluded_lines": []}, "SchematicValidator._validate_unique_references": {"executed_lines": [297, 298, 300, 301, 302, 303, 305, 307], "summary": {"covered_lines": 8, "num_statements": 10, "percent_covered": 80.0, "percent_covered_display": "80", "missing_lines": 2, "excluded_lines": 0}, "missing_lines": [304, 308], "excluded_lines": []}, "SchematicValidator._validate_wires": {"executed_lines": [320], "summary": {"covered_lines": 1, "num_statements": 11, "percent_covered": 9.090909090909092, "percent_covered_display": "9", "missing_lines": 10, "excluded_lines": 0}, "missing_lines": [321, 324, 325, 326, 327, 330, 331, 332, 333, 334], "excluded_lines": []}, "SchematicValidator._validate_nets": {"executed_lines": [345, 347], "summary": {"covered_lines": 2, "num_statements": 9, "percent_covered": 22.22222222222222, "percent_covered_display": "22", "missing_lines": 7, "excluded_lines": 0}, "missing_lines": [348, 351, 352, 353, 363, 364, 365], "excluded_lines": []}, "SchematicValidator._validate_uuid": {"executed_lines": [376, 379], "summary": {"covered_lines": 2, "num_statements": 2, "percent_covered": 100.0, "percent_covered_display": "100", "missing_lines": 0, "excluded_lines": 0}, "missing_lines": [], "excluded_lines": []}, "SchematicValidator.has_errors": {"executed_lines": [], "summary": {"covered_lines": 0, "num_statements": 1, "percent_covered": 0.0, "percent_covered_display": "0", "missing_lines": 1, "excluded_lines": 0}, "missing_lines": [383], "excluded_lines": []}, "SchematicValidator.has_warnings": {"executed_lines": [], "summary": {"covered_lines": 0, "num_statements": 1, "percent_covered": 0.0, "percent_covered_display": "0", "missing_lines": 1, "excluded_lines": 0}, "missing_lines": [390], "excluded_lines": []}, "SchematicValidator.get_summary": {"executed_lines": [], "summary": {"covered_lines": 0, "num_statements": 4, "percent_covered": 0.0, "percent_covered_display": "0", "missing_lines": 4, "excluded_lines": 0}, "missing_lines": [394, 395, 396, 397], "excluded_lines": []}, "validate_schematic_file": {"executed_lines": [], "summary": {"covered_lines": 0, "num_statements": 8, "percent_covered": 0.0, "percent_covered_display": "0", "missing_lines": 8, "excluded_lines": 0}, "missing_lines": [410, 412, 413, 414, 415, 416, 417, 418], "excluded_lines": []}, "collect_validation_errors": {"executed_lines": [], "summary": {"covered_lines": 0, "num_statements": 2, "percent_covered": 0.0, "percent_covered_display": "0", "missing_lines": 2, "excluded_lines": 0}, "missing_lines": [437, 447], "excluded_lines": []}, "collect_validation_errors.wrapper": {"executed_lines": [], "summary": {"covered_lines": 0, "num_statements": 7, "percent_covered": 0.0, "percent_covered_display": "0", "missing_lines": 7, "excluded_lines": 0}, "missing_lines": [438, 439, 440, 441, 443, 444, 445], "excluded_lines": []}, "": {"executed_lines": [1, 8, 9, 10, 11, 12, 14, 17, 18, 20, 21, 22, 23, 26, 27, 28, 30, 31, 32, 33, 34, 36, 40, 46, 47, 49, 53, 57, 65, 70, 71, 81, 93, 125, 131, 145, 159, 185, 210, 268, 295, 318, 343, 374, 381, 388, 392, 400, 427], "summary": {"covered_lines": 44, "num_statements": 44, "percent_covered": 100.0, "percent_covered_display": "100", "missing_lines": 0, "excluded_lines": 0}, "missing_lines": [], "excluded_lines": []}}, "classes": {"ValidationLevel": {"executed_lines": [], "summary": {"covered_lines": 0, "num_statements": 0, "percent_covered": 100.0, "percent_covered_display": "100", "missing_lines": 0, "excluded_lines": 0}, "missing_lines": [], "excluded_lines": []}, "ValidationIssue": {"executed_lines": [37, 38], "summary": {"covered_lines": 2, "num_statements": 5, "percent_covered": 40.0, "percent_covered_display": "40", "missing_lines": 3, "excluded_lines": 0}, "missing_lines": [41, 42, 43], "excluded_lines": []}, "ValidationError": {"executed_lines": [50, 51], "summary": {"covered_lines": 2, "num_statements": 5, "percent_covered": 40.0, "percent_covered_display": "40", "missing_lines": 3, "excluded_lines": 0}, "missing_lines": [55, 59, 67], "excluded_lines": []}, "SchematicValidator": {"executed_lines": [88, 89, 90, 91, 103, 106, 109, 110, 113, 116, 117, 120, 121, 123, 141, 143, 155, 157, 161, 163, 164, 174, 175, 187, 197, 198, 199, 212, 214, 215, 226, 227, 239, 240, 252, 253, 254, 257, 258, 270, 272, 273, 274, 297, 298, 300, 301, 302, 303, 305, 307, 320, 345, 347, 376, 379], "summary": {"covered_lines": 56, "num_statements": 99, "percent_covered": 56.56565656565657, "percent_covered_display": "57", "missing_lines": 43, "excluded_lines": 0}, "missing_lines": [127, 128, 129, 142, 156, 165, 176, 188, 195, 200, 201, 216, 228, 241, 259, 275, 276, 285, 304, 308, 321, 324, 325, 326, 327, 330, 331, 332, 333, 334, 348, 351, 352, 353, 363, 364, 365, 383, 390, 394, 395, 396, 397], "excluded_lines": []}, "": {"executed_lines": [1, 8, 9, 10, 11, 12, 14, 17, 18, 20, 21, 22, 23, 26, 27, 28, 30, 31, 32, 33, 34, 36, 40, 46, 47, 49, 53, 57, 65, 70, 71, 81, 93, 125, 131, 145, 159, 185, 210, 268, 295, 318, 343, 374, 381, 388, 392, 400, 427], "summary": {"covered_lines": 44, "num_statements": 61, "percent_covered": 72.1311475409836, "percent_covered_display": "72", "missing_lines": 17, "excluded_lines": 0}, "missing_lines": [410, 412, 413, 414, 415, 416, 417, 418, 437, 438, 439, 440, 441, 443, 444, 445, 447], "excluded_lines": []}}}}, "totals": {"covered_lines": 4876, "num_statements": 8209, "percent_covered": 59.39822146424656, "percent_covered_display": "59", "missing_lines": 3333, "excluded_lines": 348}}